<?xml version="1.0" encoding="utf-8"?><testsuite errors="125" failures="27" name="pytest" skips="2" tests="296" time="741.058"><testcase classname="apps.test_build_collector_url.Test_Collector_Integrations" file="apps/test_build_collector_url.py" line="104" name="test_collector_center" time="0.0027430057525634766"><system-out>ArcPy on system:  False
Is Pro installed:  False
Host OS: darwin
==================================================================
Beginning tests in Test_Collector_Integrations class
Test: test_collector_center
Time stamp: Time stamp: 2019_5_14_15_29_53
------------------------------------------------------------------

</system-out></testcase><testcase classname="apps.test_build_collector_url.Test_Collector_Integrations" file="apps/test_build_collector_url.py" line="282" name="test_collector_exception_no_feature_source_url" time="0.0008451938629150391"><system-out>Test: test_collector_exception_no_feature_source_url
Time stamp: Time stamp: 2019_5_14_15_29_53
------------------------------------------------------------------

</system-out></testcase><testcase classname="apps.test_build_collector_url.Test_Collector_Integrations" file="apps/test_build_collector_url.py" line="267" name="test_collector_exception_no_item_id" time="0.0008749961853027344"><system-out>Test: test_collector_exception_no_item_id
Time stamp: Time stamp: 2019_5_14_15_29_53
------------------------------------------------------------------

</system-out></testcase><testcase classname="apps.test_build_collector_url.Test_Collector_Integrations" file="apps/test_build_collector_url.py" line="225" name="test_collector_exception_no_item_id_center" time="0.0009098052978515625"><system-out>Test: test_collector_exception_no_item_id_center
Time stamp: Time stamp: 2019_5_14_15_29_53
------------------------------------------------------------------

</system-out></testcase><testcase classname="apps.test_build_collector_url.Test_Collector_Integrations" file="apps/test_build_collector_url.py" line="239" name="test_collector_exception_no_item_id_feature_source_url" time="0.001088857650756836"><system-out>Test: test_collector_exception_no_item_id_feature_source_url
Time stamp: Time stamp: 2019_5_14_15_29_53
------------------------------------------------------------------

</system-out></testcase><testcase classname="apps.test_build_collector_url.Test_Collector_Integrations" file="apps/test_build_collector_url.py" line="253" name="test_collector_exception_no_item_id_fields" time="0.0009443759918212891"><system-out>Test: test_collector_exception_no_item_id_fields
Time stamp: Time stamp: 2019_5_14_15_29_53
------------------------------------------------------------------

</system-out></testcase><testcase classname="apps.test_build_collector_url.Test_Collector_Integrations" file="apps/test_build_collector_url.py" line="84" name="test_collector_feature_source_url" time="0.0008757114410400391"><system-out>Test: test_collector_feature_source_url
Time stamp: Time stamp: 2019_5_14_15_29_53
------------------------------------------------------------------

</system-out></testcase><testcase classname="apps.test_build_collector_url.Test_Collector_Integrations" file="apps/test_build_collector_url.py" line="152" name="test_collector_fields" time="0.0008788108825683594"><system-out>Test: test_collector_fields
Time stamp: Time stamp: 2019_5_14_15_29_53
------------------------------------------------------------------

</system-out></testcase><testcase classname="apps.test_build_collector_url.Test_Collector_Integrations" file="apps/test_build_collector_url.py" line="122" name="test_collector_item_id" time="0.0009167194366455078"><system-out>Test: test_collector_item_id
Time stamp: Time stamp: 2019_5_14_15_29_53
------------------------------------------------------------------

</system-out></testcase><testcase classname="apps.test_build_collector_url.Test_Collector_Integrations" file="apps/test_build_collector_url.py" line="176" name="test_collector_multiple_fields" time="0.0008358955383300781"><system-out>Test: test_collector_multiple_fields
Time stamp: Time stamp: 2019_5_14_15_29_53
------------------------------------------------------------------

</system-out></testcase><testcase classname="apps.test_build_collector_url.Test_Collector_Integrations" file="apps/test_build_collector_url.py" line="138" name="test_collector_no_params" time="0.00078582763671875"><system-out>Test: test_collector_no_params
Time stamp: Time stamp: 2019_5_14_15_29_53
------------------------------------------------------------------

</system-out></testcase><testcase classname="apps.test_build_collector_url.Test_Collector_Integrations" file="apps/test_build_collector_url.py" line="201" name="test_collector_workforce" time="0.0009179115295410156"><system-out>Test: test_collector_workforce
Time stamp: Time stamp: 2019_5_14_15_29_53
------------------------------------------------------------------


==================================================================
**End Collector Integration Tests Tests**
</system-out></testcase><testcase classname="apps.test_build_explorer_url.Test_Explorer_Integrations" file="apps/test_build_explorer_url.py" line="517" name="test_explorer_exception_conflicting_params" time="0.0023763179779052734"><system-out>ArcPy on system:  False
Is Pro installed:  False
Host OS: darwin
==================================================================
Beginning tests in Test_Explorer_Integrations class
Test: test_explorer_exception_conflicting_params
Time stamp: Time stamp: 2019_5_14_15_29_53
------------------------------------------------------------------

</system-out></testcase><testcase classname="apps.test_build_explorer_url.Test_Explorer_Integrations" file="apps/test_build_explorer_url.py" line="533" name="test_explorer_exception_conflicting_params2" time="0.0009608268737792969"><system-out>Test: test_explorer_exception_conflicting_params2
Time stamp: Time stamp: 2019_5_14_15_29_53
------------------------------------------------------------------

</system-out></testcase><testcase classname="apps.test_build_explorer_url.Test_Explorer_Integrations" file="apps/test_build_explorer_url.py" line="359" name="test_explorer_exception_incorrect_url_type" time="0.0008821487426757812"><system-out>Test: test_explorer_exception_incorrect_url_type
Time stamp: Time stamp: 2019_5_14_15_29_53
------------------------------------------------------------------

</system-out></testcase><testcase classname="apps.test_build_explorer_url.Test_Explorer_Integrations" file="apps/test_build_explorer_url.py" line="502" name="test_explorer_exception_no_center_markup" time="0.0008330345153808594"><system-out>Test: test_explorer_exception_no_center_markup
Time stamp: Time stamp: 2019_5_14_15_29_53
------------------------------------------------------------------

</system-out></testcase><testcase classname="apps.test_build_explorer_url.Test_Explorer_Integrations" file="apps/test_build_explorer_url.py" line="487" name="test_explorer_exception_no_center_rotation" time="0.0009012222290039062"><system-out>Test: test_explorer_exception_no_center_rotation
Time stamp: Time stamp: 2019_5_14_15_29_53
------------------------------------------------------------------

</system-out></testcase><testcase classname="apps.test_build_explorer_url.Test_Explorer_Integrations" file="apps/test_build_explorer_url.py" line="472" name="test_explorer_exception_no_center_wkid" time="0.0011186599731445312"><system-out>Test: test_explorer_exception_no_center_wkid
Time stamp: Time stamp: 2019_5_14_15_29_53
------------------------------------------------------------------

</system-out></testcase><testcase classname="apps.test_build_explorer_url.Test_Explorer_Integrations" file="apps/test_build_explorer_url.py" line="402" name="test_explorer_exception_no_item_id_bookmark" time="0.0008647441864013672"><system-out>Test: test_explorer_exception_no_item_id_bookmark
Time stamp: Time stamp: 2019_5_14_15_29_53
------------------------------------------------------------------

</system-out></testcase><testcase classname="apps.test_build_explorer_url.Test_Explorer_Integrations" file="apps/test_build_explorer_url.py" line="416" name="test_explorer_exception_no_item_id_center" time="0.0009388923645019531"><system-out>Test: test_explorer_exception_no_item_id_center
Time stamp: Time stamp: 2019_5_14_15_29_53
------------------------------------------------------------------

</system-out></testcase><testcase classname="apps.test_build_explorer_url.Test_Explorer_Integrations" file="apps/test_build_explorer_url.py" line="458" name="test_explorer_exception_no_item_id_markup" time="0.0010199546813964844"><system-out>Test: test_explorer_exception_no_item_id_markup
Time stamp: Time stamp: 2019_5_14_15_29_53
------------------------------------------------------------------

</system-out></testcase><testcase classname="apps.test_build_explorer_url.Test_Explorer_Integrations" file="apps/test_build_explorer_url.py" line="444" name="test_explorer_exception_no_item_id_rotation" time="0.000843048095703125"><system-out>Test: test_explorer_exception_no_item_id_rotation
Time stamp: Time stamp: 2019_5_14_15_29_53
------------------------------------------------------------------

</system-out></testcase><testcase classname="apps.test_build_explorer_url.Test_Explorer_Integrations" file="apps/test_build_explorer_url.py" line="388" name="test_explorer_exception_no_item_id_search" time="0.0008208751678466797"><system-out>Test: test_explorer_exception_no_item_id_search
Time stamp: Time stamp: 2019_5_14_15_29_53
------------------------------------------------------------------

</system-out></testcase><testcase classname="apps.test_build_explorer_url.Test_Explorer_Integrations" file="apps/test_build_explorer_url.py" line="430" name="test_explorer_exception_no_item_id_wkid" time="0.0008196830749511719"><system-out>Test: test_explorer_exception_no_item_id_wkid
Time stamp: Time stamp: 2019_5_14_15_29_53
------------------------------------------------------------------

</system-out></testcase><testcase classname="apps.test_build_explorer_url.Test_Explorer_Integrations" file="apps/test_build_explorer_url.py" line="373" name="test_explorer_exception_no_scale" time="0.0008220672607421875"><system-out>Test: test_explorer_exception_no_scale
Time stamp: Time stamp: 2019_5_14_15_29_53
------------------------------------------------------------------

</system-out></testcase><testcase classname="apps.test_build_explorer_url.Test_Explorer_Integrations" file="apps/test_build_explorer_url.py" line="130" name="test_explorer_item_id_as_applink" time="0.0009872913360595703"><system-out>Test: test_explorer_item_id_as_applink
Time stamp: Time stamp: 2019_5_14_15_29_53
------------------------------------------------------------------

</system-out></testcase><testcase classname="apps.test_build_explorer_url.Test_Explorer_Integrations" file="apps/test_build_explorer_url.py" line="165" name="test_explorer_item_id_bookmark_as_applink" time="0.0008249282836914062"><system-out>Test: test_explorer_item_id_bookmark_as_applink
Time stamp: Time stamp: 2019_5_14_15_29_53
------------------------------------------------------------------

</system-out></testcase><testcase classname="apps.test_build_explorer_url.Test_Explorer_Integrations" file="apps/test_build_explorer_url.py" line="174" name="test_explorer_item_id_center_scale_as_applink" time="0.0008177757263183594"><system-out>Test: test_explorer_item_id_center_scale_as_applink
Time stamp: Time stamp: 2019_5_14_15_29_53
------------------------------------------------------------------

</system-out></testcase><testcase classname="apps.test_build_explorer_url.Test_Explorer_Integrations" file="apps/test_build_explorer_url.py" line="239" name="test_explorer_item_id_center_scale_markup_as_weblink" time="0.0007901191711425781"><system-out>Test: test_explorer_item_id_center_scale_markup_as_weblink
Time stamp: Time stamp: 2019_5_14_15_29_53
------------------------------------------------------------------

</system-out></testcase><testcase classname="apps.test_build_explorer_url.Test_Explorer_Integrations" file="apps/test_build_explorer_url.py" line="217" name="test_explorer_item_id_center_scale_rotation_as_weblink" time="0.0008039474487304688"><system-out>Test: test_explorer_item_id_center_scale_rotation_as_weblink
Time stamp: Time stamp: 2019_5_14_15_29_53
------------------------------------------------------------------

</system-out></testcase><testcase classname="apps.test_build_explorer_url.Test_Explorer_Integrations" file="apps/test_build_explorer_url.py" line="335" name="test_explorer_item_id_center_scale_rotation_markup_as_weblink" time="0.0007867813110351562"><system-out>Test: test_explorer_item_id_center_scale_rotation_markup_as_weblink
Time stamp: Time stamp: 2019_5_14_15_29_53
------------------------------------------------------------------

</system-out></testcase><testcase classname="apps.test_build_explorer_url.Test_Explorer_Integrations" file="apps/test_build_explorer_url.py" line="195" name="test_explorer_item_id_center_scale_wkid_as_weblink" time="0.0008556842803955078"><system-out>Test: test_explorer_item_id_center_scale_wkid_as_weblink
Time stamp: Time stamp: 2019_5_14_15_29_53
------------------------------------------------------------------

</system-out></testcase><testcase classname="apps.test_build_explorer_url.Test_Explorer_Integrations" file="apps/test_build_explorer_url.py" line="285" name="test_explorer_item_id_center_scale_wkid_markup_as_weblink" time="0.0008373260498046875"><system-out>Test: test_explorer_item_id_center_scale_wkid_markup_as_weblink
Time stamp: Time stamp: 2019_5_14_15_29_53
------------------------------------------------------------------

</system-out></testcase><testcase classname="apps.test_build_explorer_url.Test_Explorer_Integrations" file="apps/test_build_explorer_url.py" line="261" name="test_explorer_item_id_center_scale_wkid_rotation_as_weblink" time="0.0007860660552978516"><system-out>Test: test_explorer_item_id_center_scale_wkid_rotation_as_weblink
Time stamp: Time stamp: 2019_5_14_15_29_53
------------------------------------------------------------------

</system-out></testcase><testcase classname="apps.test_build_explorer_url.Test_Explorer_Integrations" file="apps/test_build_explorer_url.py" line="309" name="test_explorer_item_id_center_scale_wkid_rotation_markup_as_weblink" time="0.0008418560028076172"><system-out>Test: test_explorer_item_id_center_scale_wkid_rotation_markup_as_weblink
Time stamp: Time stamp: 2019_5_14_15_29_53
------------------------------------------------------------------

</system-out></testcase><testcase classname="apps.test_build_explorer_url.Test_Explorer_Integrations" file="apps/test_build_explorer_url.py" line="146" name="test_explorer_item_id_search_as_applink" time="0.0009381771087646484"><system-out>Test: test_explorer_item_id_search_as_applink
Time stamp: Time stamp: 2019_5_14_15_29_53
------------------------------------------------------------------

</system-out></testcase><testcase classname="apps.test_build_explorer_url.Test_Explorer_Integrations" file="apps/test_build_explorer_url.py" line="89" name="test_explorer_no_params" time="0.0007905960083007812"><system-out>Test: test_explorer_no_params
Time stamp: Time stamp: 2019_5_14_15_29_53
------------------------------------------------------------------

</system-out></testcase><testcase classname="apps.test_build_explorer_url.Test_Explorer_Integrations" file="apps/test_build_explorer_url.py" line="116" name="test_navigator_no_params_as_applink" time="0.0007860660552978516"><system-out>Test: test_navigator_no_params_as_applink
Time stamp: Time stamp: 2019_5_14_15_29_53
------------------------------------------------------------------

</system-out></testcase><testcase classname="apps.test_build_explorer_url.Test_Explorer_Integrations" file="apps/test_build_explorer_url.py" line="103" name="test_navigator_no_params_as_weblink" time="0.0010242462158203125"><system-out>Test: test_navigator_no_params_as_weblink
Time stamp: Time stamp: 2019_5_14_15_29_53
------------------------------------------------------------------


==================================================================
**End Explorer Integration Tests**
</system-out></testcase><testcase classname="apps.test_build_navigator_url.Test_Navigator_Integrations" file="apps/test_build_navigator_url.py" line="439" name="test_navigator_callback_no_stops" time="0.00244903564453125"><system-out>ArcPy on system:  False
Is Pro installed:  False
Host OS: darwin
==================================================================
Beginning tests in Test_Navigator_Integrations class
Test: test_navigator_callback_no_stops
Time stamp: Time stamp: 2019_5_14_15_29_53
------------------------------------------------------------------

</system-out></testcase><testcase classname="apps.test_build_navigator_url.Test_Navigator_Integrations" file="apps/test_build_navigator_url.py" line="383" name="test_navigator_exception_incorrect_url_type" time="0.0009491443634033203"><system-out>Test: test_navigator_exception_incorrect_url_type
Time stamp: Time stamp: 2019_5_14_15_29_53
------------------------------------------------------------------

</system-out></testcase><testcase classname="apps.test_build_navigator_url.Test_Navigator_Integrations" file="apps/test_build_navigator_url.py" line="397" name="test_navigator_navigate_no_stops" time="0.0008959770202636719"><system-out>Test: test_navigator_navigate_no_stops
Time stamp: Time stamp: 2019_5_14_15_29_53
------------------------------------------------------------------

</system-out></testcase><testcase classname="apps.test_build_navigator_url.Test_Navigator_Integrations" file="apps/test_build_navigator_url.py" line="79" name="test_navigator_no_params" time="0.0008516311645507812"><system-out>Test: test_navigator_no_params
Time stamp: Time stamp: 2019_5_14_15_29_53
------------------------------------------------------------------

</system-out></testcase><testcase classname="apps.test_build_navigator_url.Test_Navigator_Integrations" file="apps/test_build_navigator_url.py" line="105" name="test_navigator_no_params_as_applink" time="0.0009148120880126953"><system-out>Test: test_navigator_no_params_as_applink
Time stamp: Time stamp: 2019_5_14_15_29_53
------------------------------------------------------------------

</system-out></testcase><testcase classname="apps.test_build_navigator_url.Test_Navigator_Integrations" file="apps/test_build_navigator_url.py" line="92" name="test_navigator_no_params_as_weblink" time="0.0010569095611572266"><system-out>Test: test_navigator_no_params_as_weblink
Time stamp: Time stamp: 2019_5_14_15_29_53
------------------------------------------------------------------

</system-out></testcase><testcase classname="apps.test_build_navigator_url.Test_Navigator_Integrations" file="apps/test_build_navigator_url.py" line="136" name="test_navigator_one_stop_with_name_as_applink" time="0.0009677410125732422"><system-out>Test: test_navigator_one_stop_with_name_as_applink
Time stamp: Time stamp: 2019_5_14_15_29_53
------------------------------------------------------------------

</system-out></testcase><testcase classname="apps.test_build_navigator_url.Test_Navigator_Integrations" file="apps/test_build_navigator_url.py" line="154" name="test_navigator_one_stop_with_name_as_applink_with_webmap" time="0.0008568763732910156"><system-out>Test: test_navigator_one_stop_with_name_as_applink_with_webmap
Time stamp: Time stamp: 2019_5_14_15_29_53
------------------------------------------------------------------

</system-out></testcase><testcase classname="apps.test_build_navigator_url.Test_Navigator_Integrations" file="apps/test_build_navigator_url.py" line="119" name="test_navigator_one_stop_with_non_name_as_applink" time="0.0008237361907958984"><system-out>Test: test_navigator_one_stop_with_non_name_as_applink
Time stamp: Time stamp: 2019_5_14_15_29_53
------------------------------------------------------------------

</system-out></testcase><testcase classname="apps.test_build_navigator_url.Test_Navigator_Integrations" file="apps/test_build_navigator_url.py" line="411" name="test_navigator_optimize_no_stops" time="0.0008211135864257812"><system-out>Test: test_navigator_optimize_no_stops
Time stamp: Time stamp: 2019_5_14_15_29_53
------------------------------------------------------------------

</system-out></testcase><testcase classname="apps.test_build_navigator_url.Test_Navigator_Integrations" file="apps/test_build_navigator_url.py" line="365" name="test_navigator_stop_with_no_name_as_weblink" time="0.0008325576782226562"><system-out>Test: test_navigator_stop_with_no_name_as_weblink
Time stamp: Time stamp: 2019_5_14_15_29_53
------------------------------------------------------------------

</system-out></testcase><testcase classname="apps.test_build_navigator_url.Test_Navigator_Integrations" file="apps/test_build_navigator_url.py" line="425" name="test_navigator_travel_mode_no_stops" time="0.0008418560028076172"><system-out>Test: test_navigator_travel_mode_no_stops
Time stamp: Time stamp: 2019_5_14_15_29_53
------------------------------------------------------------------

</system-out></testcase><testcase classname="apps.test_build_navigator_url.Test_Navigator_Integrations" file="apps/test_build_navigator_url.py" line="288" name="test_navigator_two_stops_callback_as_weblink" time="0.000823974609375"><system-out>Test: test_navigator_two_stops_callback_as_weblink
Time stamp: Time stamp: 2019_5_14_15_29_53
------------------------------------------------------------------

</system-out></testcase><testcase classname="apps.test_build_navigator_url.Test_Navigator_Integrations" file="apps/test_build_navigator_url.py" line="308" name="test_navigator_two_stops_callback_no_prompt_as_weblink" time="0.0008051395416259766"><system-out>Test: test_navigator_two_stops_callback_no_prompt_as_weblink
Time stamp: Time stamp: 2019_5_14_15_29_53
------------------------------------------------------------------

</system-out></testcase><testcase classname="apps.test_build_navigator_url.Test_Navigator_Integrations" file="apps/test_build_navigator_url.py" line="346" name="test_navigator_two_stops_custom_travel_mode_as_weblink" time="0.0008449554443359375"><system-out>Test: test_navigator_two_stops_custom_travel_mode_as_weblink
Time stamp: Time stamp: 2019_5_14_15_29_53
------------------------------------------------------------------

</system-out></testcase><testcase classname="apps.test_build_navigator_url.Test_Navigator_Integrations" file="apps/test_build_navigator_url.py" line="249" name="test_navigator_two_stops_navigate_as_weblink" time="0.0008232593536376953"><system-out>Test: test_navigator_two_stops_navigate_as_weblink
Time stamp: Time stamp: 2019_5_14_15_29_53
------------------------------------------------------------------

</system-out></testcase><testcase classname="apps.test_build_navigator_url.Test_Navigator_Integrations" file="apps/test_build_navigator_url.py" line="268" name="test_navigator_two_stops_navigate_optimize_as_weblink" time="0.0008251667022705078"><system-out>Test: test_navigator_two_stops_navigate_optimize_as_weblink
Time stamp: Time stamp: 2019_5_14_15_29_53
------------------------------------------------------------------

</system-out></testcase><testcase classname="apps.test_build_navigator_url.Test_Navigator_Integrations" file="apps/test_build_navigator_url.py" line="212" name="test_navigator_two_stops_no_names_as_applink" time="0.0008335113525390625"><system-out>Test: test_navigator_two_stops_no_names_as_applink
Time stamp: Time stamp: 2019_5_14_15_29_53
------------------------------------------------------------------

</system-out></testcase><testcase classname="apps.test_build_navigator_url.Test_Navigator_Integrations" file="apps/test_build_navigator_url.py" line="193" name="test_navigator_two_stops_one_name_as_applink" time="0.0016660690307617188"><system-out>Test: test_navigator_two_stops_one_name_as_applink
Time stamp: Time stamp: 2019_5_14_15_29_53
------------------------------------------------------------------

</system-out></testcase><testcase classname="apps.test_build_navigator_url.Test_Navigator_Integrations" file="apps/test_build_navigator_url.py" line="230" name="test_navigator_two_stops_optimize_as_applink" time="0.0008244514465332031"><system-out>Test: test_navigator_two_stops_optimize_as_applink
Time stamp: Time stamp: 2019_5_14_15_29_53
------------------------------------------------------------------

</system-out></testcase><testcase classname="apps.test_build_navigator_url.Test_Navigator_Integrations" file="apps/test_build_navigator_url.py" line="327" name="test_navigator_two_stops_travel_mode_as_weblink" time="0.0008091926574707031"><system-out>Test: test_navigator_two_stops_travel_mode_as_weblink
Time stamp: Time stamp: 2019_5_14_15_29_53
------------------------------------------------------------------

</system-out></testcase><testcase classname="apps.test_build_navigator_url.Test_Navigator_Integrations" file="apps/test_build_navigator_url.py" line="173" name="test_navigator_two_stops_with_names_as_applink" time="0.0009672641754150391"><system-out>Test: test_navigator_two_stops_with_names_as_applink
Time stamp: Time stamp: 2019_5_14_15_29_53
------------------------------------------------------------------


==================================================================
**End Navigator Integration Tests**
</system-out></testcase><testcase classname="apps.test_build_survey123_url.Test_Survey123_Integrations" file="apps/test_build_survey123_url.py" line="199" name="test_survey123_all" time="0.002426624298095703"><system-out>ArcPy on system:  False
Is Pro installed:  False
Host OS: darwin
==================================================================
Beginning tests in Test_Survey123_Integrations class
Test: test_survey123_all
Time stamp: Time stamp: 2019_5_14_15_29_53
------------------------------------------------------------------

</system-out></testcase><testcase classname="apps.test_build_survey123_url.Test_Survey123_Integrations" file="apps/test_build_survey123_url.py" line="84" name="test_survey123_center" time="0.0009846687316894531"><system-out>Test: test_survey123_center
Time stamp: Time stamp: 2019_5_14_15_29_53
------------------------------------------------------------------

</system-out></testcase><testcase classname="apps.test_build_survey123_url.Test_Survey123_Integrations" file="apps/test_build_survey123_url.py" line="245" name="test_survey123_exception_no_item_id" time="0.0009348392486572266"><system-out>Test: test_survey123_exception_no_item_id
Time stamp: Time stamp: 2019_5_14_15_29_53
------------------------------------------------------------------

</system-out></testcase><testcase classname="apps.test_build_survey123_url.Test_Survey123_Integrations" file="apps/test_build_survey123_url.py" line="217" name="test_survey123_exception_no_item_id_center" time="0.0008394718170166016"><system-out>Test: test_survey123_exception_no_item_id_center
Time stamp: Time stamp: 2019_5_14_15_29_53
------------------------------------------------------------------

</system-out></testcase><testcase classname="apps.test_build_survey123_url.Test_Survey123_Integrations" file="apps/test_build_survey123_url.py" line="231" name="test_survey123_exception_no_item_id_fields" time="0.0008554458618164062"><system-out>Test: test_survey123_exception_no_item_id_fields
Time stamp: Time stamp: 2019_5_14_15_29_53
------------------------------------------------------------------

</system-out></testcase><testcase classname="apps.test_build_survey123_url.Test_Survey123_Integrations" file="apps/test_build_survey123_url.py" line="132" name="test_survey123_field" time="0.0008478164672851562"><system-out>Test: test_survey123_field
Time stamp: Time stamp: 2019_5_14_15_29_53
------------------------------------------------------------------

</system-out></testcase><testcase classname="apps.test_build_survey123_url.Test_Survey123_Integrations" file="apps/test_build_survey123_url.py" line="153" name="test_survey123_fields" time="0.0008568763732910156"><system-out>Test: test_survey123_fields
Time stamp: Time stamp: 2019_5_14_15_29_53
------------------------------------------------------------------

</system-out></testcase><testcase classname="apps.test_build_survey123_url.Test_Survey123_Integrations" file="apps/test_build_survey123_url.py" line="102" name="test_survey123_item_id" time="0.0010538101196289062"><system-out>Test: test_survey123_item_id
Time stamp: Time stamp: 2019_5_14_15_29_53
------------------------------------------------------------------

</system-out></testcase><testcase classname="apps.test_build_survey123_url.Test_Survey123_Integrations" file="apps/test_build_survey123_url.py" line="118" name="test_survey123_no_params" time="0.0007772445678710938"><system-out>Test: test_survey123_no_params
Time stamp: Time stamp: 2019_5_14_15_29_53
------------------------------------------------------------------

</system-out></testcase><testcase classname="apps.test_build_survey123_url.Test_Survey123_Integrations" file="apps/test_build_survey123_url.py" line="179" name="test_survey123_workforce" time="0.0009124279022216797"><system-out>Test: test_survey123_workforce
Time stamp: Time stamp: 2019_5_14_15_29_53
------------------------------------------------------------------


==================================================================
**End Survey123 Integration Tests**
</system-out></testcase><testcase classname="apps.test_workforce_AssignmentAttachments.Test_Workforce_Assignment_Attachments" file="apps/test_workforce_AssignmentAttachments.py" line="96" name="test_attachment_manager" time="7.364763975143433"><system-out>ArcPy on system:  False
Is Pro installed:  False
Host OS: darwin
==================================================================
Beginning tests in Test_Workforce_AssignmentManager class
Test: test_attachment_manager
Time stamp: Time stamp: 2019_5_14_15_30_0
------------------------------------------------------------------

</system-out></testcase><testcase classname="apps.test_workforce_AssignmentAttachments.Test_Workforce_Assignment_Attachments" file="apps/test_workforce_AssignmentAttachments.py" line="111" name="test_download_all" time="1.8705358505249023"><system-out>Test: test_download_all
Time stamp: Time stamp: 2019_5_14_15_30_1
------------------------------------------------------------------

</system-out></testcase><testcase classname="apps.test_workforce_AssignmentAttachments.Test_Workforce_Assignment_Attachments" file="apps/test_workforce_AssignmentAttachments.py" line="131" name="test_download_one" time="1.6638269424438477"><system-out>Test: test_download_one
Time stamp: Time stamp: 2019_5_14_15_30_3
------------------------------------------------------------------


==================================================================
**End Workforce AssignmentManager Tests**
</system-out></testcase><testcase classname="apps.test_workforce_AssignmentTypes.Test_Workforce_Assignment_Types" file="apps/test_workforce_AssignmentTypes.py" line="120" name="test_add_assignment_type" time="11.38963007926941"><system-out>ArcPy on system:  False
Is Pro installed:  False
Host OS: darwin
==================================================================
Beginning tests in Test_Workforce_AssignmentManager class
Test: test_add_assignment_type
Time stamp: Time stamp: 2019_5_14_15_30_15
------------------------------------------------------------------

</system-out></testcase><testcase classname="apps.test_workforce_AssignmentTypes.Test_Workforce_Assignment_Types" file="apps/test_workforce_AssignmentTypes.py" line="226" name="test_assignment_type_validation" time="2.844799041748047"><system-out>Test: test_assignment_type_validation
Time stamp: Time stamp: 2019_5_14_15_30_19
------------------------------------------------------------------

</system-out></testcase><testcase classname="apps.test_workforce_AssignmentTypes.Test_Workforce_Assignment_Types" file="apps/test_workforce_AssignmentTypes.py" line="104" name="test_attachment_type_manager" time="4.13799262046814"><system-out>Test: test_attachment_type_manager
Time stamp: Time stamp: 2019_5_14_15_30_23
------------------------------------------------------------------

</system-out></testcase><testcase classname="apps.test_workforce_AssignmentTypes.Test_Workforce_Assignment_Types" file="apps/test_workforce_AssignmentTypes.py" line="137" name="test_batch_add_assignment_type" time="4.308959484100342"><system-out>Test: test_batch_add_assignment_type
Time stamp: Time stamp: 2019_5_14_15_30_26
------------------------------------------------------------------

</system-out></testcase><testcase classname="apps.test_workforce_AssignmentTypes.Test_Workforce_Assignment_Types" file="apps/test_workforce_AssignmentTypes.py" line="175" name="test_batch_delete_assignment_type" time="5.989335298538208"><system-out>Test: test_batch_delete_assignment_type
Time stamp: Time stamp: 2019_5_14_15_30_31
------------------------------------------------------------------

</system-out></testcase><testcase classname="apps.test_workforce_AssignmentTypes.Test_Workforce_Assignment_Types" file="apps/test_workforce_AssignmentTypes.py" line="191" name="test_batch_update_assignment_type" time="2.37030291557312"><system-out>Test: test_batch_update_assignment_type
Time stamp: Time stamp: 2019_5_14_15_30_34
------------------------------------------------------------------

</system-out></testcase><testcase classname="apps.test_workforce_AssignmentTypes.Test_Workforce_Assignment_Types" file="apps/test_workforce_AssignmentTypes.py" line="158" name="test_delete_assignment_type" time="5.107326507568359"><system-out>Test: test_delete_assignment_type
Time stamp: Time stamp: 2019_5_14_15_30_39
------------------------------------------------------------------

</system-out></testcase><testcase classname="apps.test_workforce_AssignmentTypes.Test_Workforce_Assignment_Types" file="apps/test_workforce_AssignmentTypes.py" line="209" name="test_update_assignment_type" time="1.9687635898590088"><system-out>Test: test_update_assignment_type
Time stamp: Time stamp: 2019_5_14_15_30_41
------------------------------------------------------------------


==================================================================
**End Workforce AssignmentManager Tests**
</system-out></testcase><testcase classname="apps.test_workforce_Assignments.Test_Workforce_Assignments_With_Assignments" file="apps/test_workforce_Assignments.py" line="274" name="test_batch_delete_assignment" time="29.836048126220703"><system-out>ArcPy on system:  False
Is Pro installed:  False
Host OS: darwin
==================================================================
Beginning tests in Test_Workforce_AssignmentManager class
Test: test_batch_delete_assignment
Time stamp: Time stamp: 2019_5_14_15_31_10
------------------------------------------------------------------

</system-out></testcase><testcase classname="apps.test_workforce_Assignments.Test_Workforce_Assignments_With_Assignments" file="apps/test_workforce_Assignments.py" line="230" name="test_batch_update_assignment" time="20.77648138999939"><system-out>Test: test_batch_update_assignment
Time stamp: Time stamp: 2019_5_14_15_31_31
------------------------------------------------------------------

</system-out></testcase><testcase classname="apps.test_workforce_Assignments.Test_Workforce_Assignments_With_Assignments" file="apps/test_workforce_Assignments.py" line="292" name="test_comp_assignment_properties" time="21.057347536087036"><system-out>Test: test_comp_assignment_properties
Time stamp: Time stamp: 2019_5_14_15_31_51
------------------------------------------------------------------

</system-out></testcase><testcase classname="apps.test_workforce_Assignments.Test_Workforce_Assignments_With_Assignments" file="apps/test_workforce_Assignments.py" line="327" name="test_decl_assignment_properties2" time="20.538328647613525"><system-out>Test: test_decl_assignment_properties2
Time stamp: Time stamp: 2019_5_14_15_32_12
------------------------------------------------------------------

</system-out></testcase><testcase classname="apps.test_workforce_Assignments.Test_Workforce_Assignments_With_Assignments" file="apps/test_workforce_Assignments.py" line="256" name="test_delete_assignment" time="22.436334133148193"><system-out>Test: test_delete_assignment
Time stamp: Time stamp: 2019_5_14_15_32_35
------------------------------------------------------------------

</system-out></testcase><testcase classname="apps.test_workforce_Assignments.Test_Workforce_Assignments_With_Assignments" file="apps/test_workforce_Assignments.py" line="188" name="test_search_assignment" time="22.927282094955444"><system-out>Test: test_search_assignment
Time stamp: Time stamp: 2019_5_14_15_32_58
------------------------------------------------------------------

</system-out></testcase><testcase classname="apps.test_workforce_Assignments.Test_Workforce_Assignments_With_Assignments" file="apps/test_workforce_Assignments.py" line="205" name="test_update_assignment" time="24.835123777389526"><system-out>Test: test_update_assignment
Time stamp: Time stamp: 2019_5_14_15_33_22
------------------------------------------------------------------


==================================================================
</system-out></testcase><testcase classname="apps.test_workforce_Assignments.Test_Workforce_Assignments_No_Assignments" file="apps/test_workforce_Assignments.py" line="431" name="test_add_assignment1" time="11.318949937820435"><system-out>==================================================================
Beginning tests in Test_Workforce_AssignmentManager class
Test: test_add_assignment1
Time stamp: Time stamp: 2019_5_14_15_33_34
------------------------------------------------------------------

</system-out></testcase><testcase classname="apps.test_workforce_Assignments.Test_Workforce_Assignments_No_Assignments" file="apps/test_workforce_Assignments.py" line="466" name="test_add_assignment2" time="5.183804988861084"><system-out>Test: test_add_assignment2
Time stamp: Time stamp: 2019_5_14_15_33_38
------------------------------------------------------------------

</system-out></testcase><testcase classname="apps.test_workforce_Assignments.Test_Workforce_Assignments_No_Assignments" file="apps/test_workforce_Assignments.py" line="561" name="test_add_assignment_validation" time="22.34303116798401"><system-out>Test: test_add_assignment_validation
Time stamp: Time stamp: 2019_5_14_15_33_43
------------------------------------------------------------------

</system-out></testcase><testcase classname="apps.test_workforce_Assignments.Test_Workforce_Assignments_No_Assignments" file="apps/test_workforce_Assignments.py" line="508" name="test_batch_add_assignments" time="4.260479927062988"><system-out>Test: test_batch_add_assignments
Time stamp: Time stamp: 2019_5_14_15_34_5
------------------------------------------------------------------

</system-out></testcase><testcase classname="apps.test_workforce_Assignments.Test_Workforce_Assignments_No_Assignments" file="apps/test_workforce_Assignments.py" line="414" name="test_get_empty_assignments" time="3.86319899559021"><system-out>Test: test_get_empty_assignments
Time stamp: Time stamp: 2019_5_14_15_34_10
------------------------------------------------------------------


==================================================================
**End Workforce AssignmentManager Tests**
</system-out></testcase><testcase classname="apps.test_workforce_Dispatchers.Test_Workforce_Dispatchers" file="apps/test_workforce_Dispatchers.py" line="216" name="test_add_dispatcher" time="14.257322072982788"><system-out>ArcPy on system:  False
Is Pro installed:  False
Host OS: darwin
==================================================================
Beginning tests in Test_Workforce_DispatcherManager class
Test: test_add_dispatcher
Time stamp: Time stamp: 2019_5_14_15_34_23
------------------------------------------------------------------

</system-out></testcase><testcase classname="apps.test_workforce_Dispatchers.Test_Workforce_Dispatchers" file="apps/test_workforce_Dispatchers.py" line="237" name="test_batch_add_dispatcher" time="10.56458592414856"><system-out>Test: test_batch_add_dispatcher
Time stamp: Time stamp: 2019_5_14_15_34_34
------------------------------------------------------------------

</system-out></testcase><testcase classname="apps.test_workforce_Dispatchers.Test_Workforce_Dispatchers" file="apps/test_workforce_Dispatchers.py" line="196" name="test_batch_delete_dispatcher" time="10.701793909072876"><system-out>Test: test_batch_delete_dispatcher
Time stamp: Time stamp: 2019_5_14_15_34_44
------------------------------------------------------------------

</system-out></testcase><testcase classname="apps.test_workforce_Dispatchers.Test_Workforce_Dispatchers" file="apps/test_workforce_Dispatchers.py" line="156" name="test_batch_update_dispatcher" time="5.256638050079346"><system-out>Test: test_batch_update_dispatcher
Time stamp: Time stamp: 2019_5_14_15_34_51
------------------------------------------------------------------

</system-out></testcase><testcase classname="apps.test_workforce_Dispatchers.Test_Workforce_Dispatchers" file="apps/test_workforce_Dispatchers.py" line="177" name="test_delete_dispatcher" time="7.844090938568115"><system-out>Test: test_delete_dispatcher
Time stamp: Time stamp: 2019_5_14_15_34_58
------------------------------------------------------------------

</system-out></testcase><testcase classname="apps.test_workforce_Dispatchers.Test_Workforce_Dispatchers" file="apps/test_workforce_Dispatchers.py" line="109" name="test_search_dispatcher" time="4.267139911651611"><system-out>Test: test_search_dispatcher
Time stamp: Time stamp: 2019_5_14_15_35_4
------------------------------------------------------------------

</system-out></testcase><testcase classname="apps.test_workforce_Dispatchers.Test_Workforce_Dispatchers" file="apps/test_workforce_Dispatchers.py" line="136" name="test_update_dispatcher" time="7.689710855484009"><system-out>Test: test_update_dispatcher
Time stamp: Time stamp: 2019_5_14_15_35_10
------------------------------------------------------------------

</system-out></testcase><testcase classname="apps.test_workforce_Dispatchers.Test_Workforce_Dispatchers" file="apps/test_workforce_Dispatchers.py" line="260" name="test_validate_dispatcher" time="11.71566104888916"><system-out>Test: test_validate_dispatcher
Time stamp: Time stamp: 2019_5_14_15_35_18
------------------------------------------------------------------


==================================================================
**End Workforce DispatcherManager Tests**
</system-out></testcase><testcase classname="apps.test_workforce_Project.Test_Workforce_Project" file="apps/test_workforce_Project.py" line="210" name="test_get_assignment" time="12.160988092422485"><system-out>ArcPy on system:  False
Is Pro installed:  False
Host OS: darwin
==================================================================
Beginning tests in Test_Workforce_Project class
Test: test_get_assignment
Time stamp: Time stamp: 2019_5_14_15_35_32
------------------------------------------------------------------

</system-out></testcase><testcase classname="apps.test_workforce_Project.Test_Workforce_Project" file="apps/test_workforce_Project.py" line="193" name="test_get_assignment_type" time="7.511734247207642"><system-out>Test: test_get_assignment_type
Time stamp: Time stamp: 2019_5_14_15_35_41
------------------------------------------------------------------

</system-out></testcase><testcase classname="apps.test_workforce_Project.Test_Workforce_Project" file="apps/test_workforce_Project.py" line="176" name="test_get_dispatcher" time="7.744020223617554"><system-out>Test: test_get_dispatcher
Time stamp: Time stamp: 2019_5_14_15_35_48
------------------------------------------------------------------

</system-out></testcase><testcase classname="apps.test_workforce_Project.Test_Workforce_Project" file="apps/test_workforce_Project.py" line="96" name="test_get_project" time="10.790586948394775"><system-out>Test: test_get_project
Time stamp: Time stamp: 2019_5_14_15_35_56
------------------------------------------------------------------

</system-out></testcase><testcase classname="apps.test_workforce_Project.Test_Workforce_Project" file="apps/test_workforce_Project.py" line="226" name="test_get_tracks" time="8.941239833831787"><system-out>Test: test_get_tracks
Time stamp: Time stamp: 2019_5_14_15_36_8
------------------------------------------------------------------

</system-out></testcase><testcase classname="apps.test_workforce_Project.Test_Workforce_Project" file="apps/test_workforce_Project.py" line="160" name="test_get_worker" time="7.53912615776062"><system-out>Test: test_get_worker
Time stamp: Time stamp: 2019_5_14_15_36_16
------------------------------------------------------------------

</system-out></testcase><testcase classname="apps.test_workforce_Project.Test_Workforce_Project" file="apps/test_workforce_Project.py" line="243" name="test_update_project" time="12.97931981086731"><system-out>Test: test_update_project
Time stamp: Time stamp: 2019_5_14_15_36_23
------------------------------------------------------------------


==================================================================
**End Workforce Project Tests**
</system-out></testcase><testcase classname="apps.test_workforce_Tracks.Test_Workforce_Tracks" file="apps/test_workforce_Tracks.py" line="187" name="test_add_tracks" time="14.644044876098633"><system-out>ArcPy on system:  False
Is Pro installed:  False
Host OS: darwin
==================================================================
Beginning tests in Test_Workforce_WorkerManager class
Test: test_add_tracks
Time stamp: Time stamp: 2019_5_14_15_36_45
------------------------------------------------------------------

</system-out></testcase><testcase classname="apps.test_workforce_Tracks.Test_Workforce_Tracks" file="apps/test_workforce_Tracks.py" line="165" name="test_batch_add_tracks" time="5.423168897628784"><system-out>Test: test_batch_add_tracks
Time stamp: Time stamp: 2019_5_14_15_36_51
------------------------------------------------------------------

</system-out></testcase><testcase classname="apps.test_workforce_Tracks.Test_Workforce_Tracks" file="apps/test_workforce_Tracks.py" line="226" name="test_batch_delete_tracks" time="6.605565071105957"><system-out>Test: test_batch_delete_tracks
Time stamp: Time stamp: 2019_5_14_15_36_58
------------------------------------------------------------------

</system-out></testcase><testcase classname="apps.test_workforce_Tracks.Test_Workforce_Tracks" file="apps/test_workforce_Tracks.py" line="145" name="test_batch_update_tracks" time="6.488008260726929"><system-out>Test: test_batch_update_tracks
Time stamp: Time stamp: 2019_5_14_15_37_4
------------------------------------------------------------------

</system-out></testcase><testcase classname="apps.test_workforce_Tracks.Test_Workforce_Tracks" file="apps/test_workforce_Tracks.py" line="208" name="test_delete_tracks" time="5.983141899108887"><system-out>Test: test_delete_tracks
Time stamp: Time stamp: 2019_5_14_15_37_10
------------------------------------------------------------------

</system-out></testcase><testcase classname="apps.test_workforce_Tracks.Test_Workforce_Tracks" file="apps/test_workforce_Tracks.py" line="108" name="test_search_tracks" time="5.877842426300049"><system-out>Test: test_search_tracks
Time stamp: Time stamp: 2019_5_14_15_37_16
------------------------------------------------------------------

</system-out></testcase><testcase classname="apps.test_workforce_Tracks.Test_Workforce_Tracks" file="apps/test_workforce_Tracks.py" line="244" name="test_tracking_changes" time="9.34883713722229"><system-out>Test: test_tracking_changes
Time stamp: Time stamp: 2019_5_14_15_37_22
------------------------------------------------------------------

</system-out></testcase><testcase classname="apps.test_workforce_Tracks.Test_Workforce_Tracks" file="apps/test_workforce_Tracks.py" line="127" name="test_update_tracks" time="6.118481874465942"><system-out>Test: test_update_tracks
Time stamp: Time stamp: 2019_5_14_15_37_31
------------------------------------------------------------------


==================================================================
**End Workforce WorkerManager Tests**
</system-out></testcase><testcase classname="apps.test_workforce_Workers.Test_Workforce_Workers" file="apps/test_workforce_Workers.py" line="217" name="test_add_worker" time="13.208551168441772"><system-out>ArcPy on system:  False
Is Pro installed:  False
Host OS: darwin
==================================================================
Beginning tests in Test_Workforce_WorkerManager class
Test: test_add_worker
Time stamp: Time stamp: 2019_5_14_15_37_43
------------------------------------------------------------------

</system-out></testcase><testcase classname="apps.test_workforce_Workers.Test_Workforce_Workers" file="apps/test_workforce_Workers.py" line="240" name="test_batch_add_worker" time="7.432203054428101"><system-out>Test: test_batch_add_worker
Time stamp: Time stamp: 2019_5_14_15_37_51
------------------------------------------------------------------

</system-out></testcase><testcase classname="apps.test_workforce_Workers.Test_Workforce_Workers" file="apps/test_workforce_Workers.py" line="200" name="test_batch_delete_worker" time="8.080615043640137"><system-out>Test: test_batch_delete_worker
Time stamp: Time stamp: 2019_5_14_15_37_58
------------------------------------------------------------------

</system-out></testcase><testcase classname="apps.test_workforce_Workers.Test_Workforce_Workers" file="apps/test_workforce_Workers.py" line="157" name="test_batch_update_worker" time="5.331603050231934"><system-out>Test: test_batch_update_worker
Time stamp: Time stamp: 2019_5_14_15_38_4
------------------------------------------------------------------

</system-out></testcase><testcase classname="apps.test_workforce_Workers.Test_Workforce_Workers" file="apps/test_workforce_Workers.py" line="183" name="test_delete_worker" time="8.294716596603394"><system-out>Test: test_delete_worker
Time stamp: Time stamp: 2019_5_14_15_38_12
------------------------------------------------------------------

</system-out></testcase><testcase classname="apps.test_workforce_Workers.Test_Workforce_Workers" file="apps/test_workforce_Workers.py" line="109" name="test_search_worker" time="3.8361334800720215"><system-out>Test: test_search_worker
Time stamp: Time stamp: 2019_5_14_15_38_18
------------------------------------------------------------------

</system-out></testcase><testcase classname="apps.test_workforce_Workers.Test_Workforce_Workers" file="apps/test_workforce_Workers.py" line="132" name="test_update_worker" time="8.319463014602661"><system-out>Test: test_update_worker
Time stamp: Time stamp: 2019_5_14_15_38_24
------------------------------------------------------------------


==================================================================
**End Workforce WorkerManager Tests**
</system-out></testcase><testcase classname="df_accessor.test_arcgis_integration_tests" file="df_accessor/test_arcgis_integration_tests.py" line="151" name="test_content_import_data" time="0.001519918441772461"><failure message="shapefile.ShapefileException: Unable to open ./world30.dbf or ./world30.shp.">def test_content_import_data():
        &quot;&quot;&quot;
        tests the content.import_data works with the spatially enabled dataframe.
        &quot;&quot;&quot;
&gt;       df = from_featureclass(filename=r&quot;./world30.shp&quot;)

df_accessor/test_arcgis_integration_tests.py:156: 
_ _ _ _ _ _ _ _ _ _ _ _ _ _ _ _ _ _ _ _ _ _ _ _ _ _ _ _ _ _ _ _ _ _ _ _ _ _ _ _ _ _ _ _ _ _ _ _ _ _ _ _ 
../../src/arcgis/features/geo/_io/fileops.py:389: in from_featureclass
    reader = shapefile.Reader(filename)
../../../../anaconda3/envs/geosaurus_dev_env/lib/python3.6/site-packages/shapefile.py:517: in __init__
    self.load(args[0])
_ _ _ _ _ _ _ _ _ _ _ _ _ _ _ _ _ _ _ _ _ _ _ _ _ _ _ _ _ _ _ _ _ _ _ _ _ _ _ _ _ _ _ _ _ _ _ _ _ _ _ _ 

self = &lt;shapefile.Reader object at 0x11520ba58&gt;, shapefile = &apos;./world30.shp&apos;

    def load(self, shapefile=None):
        &quot;&quot;&quot;Opens a shapefile from a filename or file-like
        object. Normally this method would be called by the
        constructor with the file name as an argument.&quot;&quot;&quot;
        if shapefile:
            (shapeName, ext) = os.path.splitext(shapefile)
            self.shapeName = shapeName
            self.load_shp(shapeName)
            self.load_shx(shapeName)
            self.load_dbf(shapeName)
            if not (self.shp or self.dbf):
&gt;               raise ShapefileException(&quot;Unable to open %s.dbf or %s.shp.&quot; % (shapeName, shapeName))
E               shapefile.ShapefileException: Unable to open ./world30.dbf or ./world30.shp.

../../../../anaconda3/envs/geosaurus_dev_env/lib/python3.6/site-packages/shapefile.py:612: ShapefileException</failure></testcase><testcase classname="df_accessor.test_arcgis_integration_tests" file="df_accessor/test_arcgis_integration_tests.py" line="164" name="test_enrichment" time="1.3123431205749512"><failure message="RuntimeError: You do not have permissions to use this resource.
(Error Code: 401)">def test_enrichment():
        &quot;&quot;&quot;tests the enrich method&quot;&quot;&quot;
        from arcgis.features import FeatureSet
        from arcgis.geoenrichment import enrich
        fs = FeatureSet.from_dict(_fs_dict)
        df = fs.sdf
        gis = GIS(username=USERNAME, password=PASSWORD)
&gt;       res = enrich(study_areas=df, data_collections=[&apos;Age&apos;])

df_accessor/test_arcgis_integration_tests.py:172: 
_ _ _ _ _ _ _ _ _ _ _ _ _ _ _ _ _ _ _ _ _ _ _ _ _ _ _ _ _ _ _ _ _ _ _ _ _ _ _ _ _ _ _ _ _ _ _ _ _ _ _ _ 
../../src/arcgis/geoenrichment/enrichment.py:802: in enrich
    out_sr=env.out_spatial_reference,
../../src/arcgis/geoenrichment/_ge.py:548: in enrich
    postdata=params)
../../src/arcgis/_impl/connection.py:1177: in post
    self._handle_json_error(resp_json[&apos;error&apos;], errorcode)
_ _ _ _ _ _ _ _ _ _ _ _ _ _ _ _ _ _ _ _ _ _ _ _ _ _ _ _ _ _ _ _ _ _ _ _ _ _ _ _ _ _ _ _ _ _ _ _ _ _ _ _ 

self = &lt;arcgis._impl.connection._ArcGISConnection object at 0x10dc368d0&gt;
error = {&apos;code&apos;: 401, &apos;details&apos;: [], &apos;message&apos;: &apos;You do not have permissions to use this resource.&apos;}
errorcode = 401

    def _handle_json_error(self, error, errorcode):
        errormessage = error.get(&apos;message&apos;, &apos;Unknown Error&apos;)
        _log.error(errormessage)
        if &apos;details&apos; in error and error[&apos;details&apos;] is not None:
            for errordetail in error[&apos;details&apos;]:
                errormessage = errormessage + &quot;\n&quot; + errordetail
                _log.error(errordetail)
    
        errormessage = errormessage + &quot;\n(Error Code: &quot; + str(errorcode) +&quot;)&quot;
&gt;       raise RuntimeError(errormessage)
E       RuntimeError: You do not have permissions to use this resource.
E       (Error Code: 401)

../../src/arcgis/_impl/connection.py:1198: RuntimeError</failure></testcase><testcase classname="df_accessor.test_arcgis_integration_tests" file="df_accessor/test_arcgis_integration_tests.py" line="176" name="test_featureset_df" time="0.007136344909667969"></testcase><testcase classname="df_accessor.test_arcgis_integration_tests" file="df_accessor/test_arcgis_integration_tests.py" line="185" name="test_gp" time="11.691371202468872"></testcase><testcase classname="df_accessor.test_io_from_to_methods" file="df_accessor/test_io_from_to_methods.py" line="20" name="test_chunks" time="0.0016679763793945312"></testcase><testcase classname="df_accessor.test_io_from_to_methods" file="df_accessor/test_io_from_to_methods.py" line="32" name="test_from_layer" time="1.393017053604126"><failure message="RuntimeError: You do not have permissions to access this resource or perform this operation.
(Error Code: 403)">def test_from_layer():
        &quot;&quot;&quot;tests the from_layer method&quot;&quot;&quot;
        item_id = &quot;01c4d9bf9c7a4ad79ec7bd7afa0c2316&quot;
        where = &quot;&quot;&quot;CNTRY_NAME = &apos;San Marino&apos;&quot;&quot;&quot;
        gis = GIS(profile=&quot;agol_uc_demo&quot;, verify_cert=False)
&gt;       lyr = gis.content.get(&apos;cede923d030e43819b36327b95cce9e5&apos;).layers[0]

df_accessor/test_io_from_to_methods.py:38: 
_ _ _ _ _ _ _ _ _ _ _ _ _ _ _ _ _ _ _ _ _ _ _ _ _ _ _ _ _ _ _ _ _ _ _ _ _ _ _ _ _ _ _ _ _ _ _ _ _ _ _ _ 
../../src/arcgis/gis/__init__.py:3546: in get
    raise re
../../src/arcgis/gis/__init__.py:3541: in get
    item = self._portal.get_item(itemid)
../../src/arcgis/_impl/portalpy.py:1212: in get_item
    return self.con.post(&apos;content/items/&apos; + itemid, self._postdata())
../../src/arcgis/_impl/connection.py:1177: in post
    self._handle_json_error(resp_json[&apos;error&apos;], errorcode)
_ _ _ _ _ _ _ _ _ _ _ _ _ _ _ _ _ _ _ _ _ _ _ _ _ _ _ _ _ _ _ _ _ _ _ _ _ _ _ _ _ _ _ _ _ _ _ _ _ _ _ _ 

self = &lt;arcgis._impl.connection._ArcGISConnection object at 0x11526f710&gt;
error = {&apos;code&apos;: 403, &apos;details&apos;: [], &apos;message&apos;: &apos;You do not have permissions to access this resource or perform this operation.&apos;, &apos;messageCode&apos;: &apos;GWM_0003&apos;}
errorcode = 403

    def _handle_json_error(self, error, errorcode):
        errormessage = error.get(&apos;message&apos;, &apos;Unknown Error&apos;)
        _log.error(errormessage)
        if &apos;details&apos; in error and error[&apos;details&apos;] is not None:
            for errordetail in error[&apos;details&apos;]:
                errormessage = errormessage + &quot;\n&quot; + errordetail
                _log.error(errordetail)
    
        errormessage = errormessage + &quot;\n(Error Code: &quot; + str(errorcode) +&quot;)&quot;
&gt;       raise RuntimeError(errormessage)
E       RuntimeError: You do not have permissions to access this resource or perform this operation.
E       (Error Code: 403)

../../src/arcgis/_impl/connection.py:1198: RuntimeError</failure></testcase><testcase classname="df_accessor.test_io_from_to_methods" file="df_accessor/test_io_from_to_methods.py" line="47" name="test_to_layer" time="1.194390058517456"><failure message="RuntimeError: You do not have permissions to access this resource or perform this operation.
(Error Code: 403)">def test_to_layer():
        &quot;&quot;&quot; tests the to_layer operation&quot;&quot;&quot;
        from arcgis.features import FeatureLayer
        gis = GIS(profile=&quot;agol_uc_demo&quot;, verify_cert=False)
&gt;       lyr = gis.content.get(&apos;cede923d030e43819b36327b95cce9e5&apos;).layers[0]

df_accessor/test_io_from_to_methods.py:52: 
_ _ _ _ _ _ _ _ _ _ _ _ _ _ _ _ _ _ _ _ _ _ _ _ _ _ _ _ _ _ _ _ _ _ _ _ _ _ _ _ _ _ _ _ _ _ _ _ _ _ _ _ 
../../src/arcgis/gis/__init__.py:3546: in get
    raise re
../../src/arcgis/gis/__init__.py:3541: in get
    item = self._portal.get_item(itemid)
../../src/arcgis/_impl/portalpy.py:1212: in get_item
    return self.con.post(&apos;content/items/&apos; + itemid, self._postdata())
../../src/arcgis/_impl/connection.py:1177: in post
    self._handle_json_error(resp_json[&apos;error&apos;], errorcode)
_ _ _ _ _ _ _ _ _ _ _ _ _ _ _ _ _ _ _ _ _ _ _ _ _ _ _ _ _ _ _ _ _ _ _ _ _ _ _ _ _ _ _ _ _ _ _ _ _ _ _ _ 

self = &lt;arcgis._impl.connection._ArcGISConnection object at 0x115930f60&gt;
error = {&apos;code&apos;: 403, &apos;details&apos;: [], &apos;message&apos;: &apos;You do not have permissions to access this resource or perform this operation.&apos;, &apos;messageCode&apos;: &apos;GWM_0003&apos;}
errorcode = 403

    def _handle_json_error(self, error, errorcode):
        errormessage = error.get(&apos;message&apos;, &apos;Unknown Error&apos;)
        _log.error(errormessage)
        if &apos;details&apos; in error and error[&apos;details&apos;] is not None:
            for errordetail in error[&apos;details&apos;]:
                errormessage = errormessage + &quot;\n&quot; + errordetail
                _log.error(errordetail)
    
        errormessage = errormessage + &quot;\n(Error Code: &quot; + str(errorcode) +&quot;)&quot;
&gt;       raise RuntimeError(errormessage)
E       RuntimeError: You do not have permissions to access this resource or perform this operation.
E       (Error Code: 403)

../../src/arcgis/_impl/connection.py:1198: RuntimeError</failure></testcase><testcase classname="df_accessor.test_plotting" file="df_accessor/test_plotting.py" line="25" name="test_plot" time="0.4111502170562744"></testcase><testcase classname="features.test_AttachmentManager_class.Test_AttachmentManager_portal" file="features/test_AttachmentManager_class.py" line="108" name="test_create_AttachmentManager_object" time="0.36625075340270996"><error message="test setup failure">cls = &lt;class &apos;integration.features.test_AttachmentManager_class.Test_AttachmentManager_portal&apos;&gt;

    @classmethod
    def setUpClass(cls):
        &quot;&quot;&quot;
        Check if portal builtin can be reached
        Get class test asset location
        :return:
        &quot;&quot;&quot;
    
        #region Read config data
        _conf_reader = ConfigParser()
        _conf_reader.read(DinoConfigs.portal_list_file, &apos;UTF-8&apos;)
    
        cls.portal_url = _conf_reader[&apos;teamportal&apos;][&apos;url&apos;]
        cls.portal_username = _conf_reader[&apos;teamportal&apos;][&apos;admin_user&apos;]
        cls.portal_password = _conf_reader[&apos;teamportal&apos;][&apos;admin_password&apos;]
    
        _conf_reader2 = ConfigParser()
        _conf_reader2.read(DinoConfigs.root_init_file, &apos;UTF-8&apos;)
    
        cls.qalab_base_path = _conf_reader2[&apos;test_data&apos;][&apos;qalab_base_path&apos;]
        cls.qalab_cls_path = cls.qalab_base_path + _conf_reader2[&apos;test_data&apos;][&apos;qalab_FeatureLayerManager_cls&apos;]
        #endregion
    
        #region precondition checks and sign in
        r1 = PreconditionChecks.can_ping_portal(cls.portal_url)
        if not r1:
            cls.class_skip = True
    
&gt;       cls.gis = GIS(cls.portal_url, cls.portal_username, cls.portal_password, verify_cert=False)

features/test_AttachmentManager_class.py:82: 
_ _ _ _ _ _ _ _ _ _ _ _ _ _ _ _ _ _ _ _ _ _ _ _ _ _ _ _ _ _ _ _ _ _ _ _ _ _ _ _ _ _ _ _ _ _ _ _ _ _ _ _ 
../../src/arcgis/gis/__init__.py:334: in __init__
    raise e
../../src/arcgis/gis/__init__.py:322: in __init__
    referer=self._referer)
../../src/arcgis/_impl/portalpy.py:163: in __init__
    client_id=client_id)
../../src/arcgis/_impl/connection.py:308: in __init__
    self.login(username, password, expiration, client_id)
../../src/arcgis/_impl/connection.py:554: in login
    resp = self.post(&apos;&apos;, { &apos;f&apos;: &apos;json&apos; }, add_token=False) # probe portal to find auth scheme
../../src/arcgis/_impl/connection.py:1177: in post
    self._handle_json_error(resp_json[&apos;error&apos;], errorcode)
_ _ _ _ _ _ _ _ _ _ _ _ _ _ _ _ _ _ _ _ _ _ _ _ _ _ _ _ _ _ _ _ _ _ _ _ _ _ _ _ _ _ _ _ _ _ _ _ _ _ _ _ 

self = &lt;arcgis._impl.connection._ArcGISConnection object at 0x1152ddcc0&gt;
error = {&apos;code&apos;: 503, &apos;details&apos;: [], &apos;message&apos;: &apos;The Portal for ArcGIS licenses may be expired. Check the license and try again.&apos;, &apos;messageCode&apos;: &apos;GWM_0006&apos;}
errorcode = 503

    def _handle_json_error(self, error, errorcode):
        errormessage = error.get(&apos;message&apos;, &apos;Unknown Error&apos;)
        _log.error(errormessage)
        if &apos;details&apos; in error and error[&apos;details&apos;] is not None:
            for errordetail in error[&apos;details&apos;]:
                errormessage = errormessage + &quot;\n&quot; + errordetail
                _log.error(errordetail)
    
        errormessage = errormessage + &quot;\n(Error Code: &quot; + str(errorcode) +&quot;)&quot;
&gt;       raise RuntimeError(errormessage)
E       RuntimeError: The Portal for ArcGIS licenses may be expired. Check the license and try again.
E       (Error Code: 503)

../../src/arcgis/_impl/connection.py:1198: RuntimeError</error><system-out>ArcPy on system:  False
Is Pro installed:  False
Host OS: darwin
</system-out></testcase><testcase classname="features.test_AttachmentManager_class.Test_AttachmentManager_portal" file="features/test_AttachmentManager_class.py" line="203" name="test_download_multiple_attachments" time="0.0007567405700683594"><error message="test setup failure">cls = &lt;class &apos;integration.features.test_AttachmentManager_class.Test_AttachmentManager_portal&apos;&gt;

    @classmethod
    def setUpClass(cls):
        &quot;&quot;&quot;
        Check if portal builtin can be reached
        Get class test asset location
        :return:
        &quot;&quot;&quot;
    
        #region Read config data
        _conf_reader = ConfigParser()
        _conf_reader.read(DinoConfigs.portal_list_file, &apos;UTF-8&apos;)
    
        cls.portal_url = _conf_reader[&apos;teamportal&apos;][&apos;url&apos;]
        cls.portal_username = _conf_reader[&apos;teamportal&apos;][&apos;admin_user&apos;]
        cls.portal_password = _conf_reader[&apos;teamportal&apos;][&apos;admin_password&apos;]
    
        _conf_reader2 = ConfigParser()
        _conf_reader2.read(DinoConfigs.root_init_file, &apos;UTF-8&apos;)
    
        cls.qalab_base_path = _conf_reader2[&apos;test_data&apos;][&apos;qalab_base_path&apos;]
        cls.qalab_cls_path = cls.qalab_base_path + _conf_reader2[&apos;test_data&apos;][&apos;qalab_FeatureLayerManager_cls&apos;]
        #endregion
    
        #region precondition checks and sign in
        r1 = PreconditionChecks.can_ping_portal(cls.portal_url)
        if not r1:
            cls.class_skip = True
    
&gt;       cls.gis = GIS(cls.portal_url, cls.portal_username, cls.portal_password, verify_cert=False)

features/test_AttachmentManager_class.py:82: 
_ _ _ _ _ _ _ _ _ _ _ _ _ _ _ _ _ _ _ _ _ _ _ _ _ _ _ _ _ _ _ _ _ _ _ _ _ _ _ _ _ _ _ _ _ _ _ _ _ _ _ _ 
../../src/arcgis/gis/__init__.py:334: in __init__
    raise e
../../src/arcgis/gis/__init__.py:322: in __init__
    referer=self._referer)
../../src/arcgis/_impl/portalpy.py:163: in __init__
    client_id=client_id)
../../src/arcgis/_impl/connection.py:308: in __init__
    self.login(username, password, expiration, client_id)
../../src/arcgis/_impl/connection.py:554: in login
    resp = self.post(&apos;&apos;, { &apos;f&apos;: &apos;json&apos; }, add_token=False) # probe portal to find auth scheme
../../src/arcgis/_impl/connection.py:1177: in post
    self._handle_json_error(resp_json[&apos;error&apos;], errorcode)
_ _ _ _ _ _ _ _ _ _ _ _ _ _ _ _ _ _ _ _ _ _ _ _ _ _ _ _ _ _ _ _ _ _ _ _ _ _ _ _ _ _ _ _ _ _ _ _ _ _ _ _ 

self = &lt;arcgis._impl.connection._ArcGISConnection object at 0x1152ddcc0&gt;
error = {&apos;code&apos;: 503, &apos;details&apos;: [], &apos;message&apos;: &apos;The Portal for ArcGIS licenses may be expired. Check the license and try again.&apos;, &apos;messageCode&apos;: &apos;GWM_0006&apos;}
errorcode = 503

    def _handle_json_error(self, error, errorcode):
        errormessage = error.get(&apos;message&apos;, &apos;Unknown Error&apos;)
        _log.error(errormessage)
        if &apos;details&apos; in error and error[&apos;details&apos;] is not None:
            for errordetail in error[&apos;details&apos;]:
                errormessage = errormessage + &quot;\n&quot; + errordetail
                _log.error(errordetail)
    
        errormessage = errormessage + &quot;\n(Error Code: &quot; + str(errorcode) +&quot;)&quot;
&gt;       raise RuntimeError(errormessage)
E       RuntimeError: The Portal for ArcGIS licenses may be expired. Check the license and try again.
E       (Error Code: 503)

../../src/arcgis/_impl/connection.py:1198: RuntimeError</error></testcase><testcase classname="features.test_AttachmentManager_class.Test_AttachmentManager_portal" file="features/test_AttachmentManager_class.py" line="174" name="test_download_pdf_attachment" time="0.0005419254302978516"><error message="test setup failure">cls = &lt;class &apos;integration.features.test_AttachmentManager_class.Test_AttachmentManager_portal&apos;&gt;

    @classmethod
    def setUpClass(cls):
        &quot;&quot;&quot;
        Check if portal builtin can be reached
        Get class test asset location
        :return:
        &quot;&quot;&quot;
    
        #region Read config data
        _conf_reader = ConfigParser()
        _conf_reader.read(DinoConfigs.portal_list_file, &apos;UTF-8&apos;)
    
        cls.portal_url = _conf_reader[&apos;teamportal&apos;][&apos;url&apos;]
        cls.portal_username = _conf_reader[&apos;teamportal&apos;][&apos;admin_user&apos;]
        cls.portal_password = _conf_reader[&apos;teamportal&apos;][&apos;admin_password&apos;]
    
        _conf_reader2 = ConfigParser()
        _conf_reader2.read(DinoConfigs.root_init_file, &apos;UTF-8&apos;)
    
        cls.qalab_base_path = _conf_reader2[&apos;test_data&apos;][&apos;qalab_base_path&apos;]
        cls.qalab_cls_path = cls.qalab_base_path + _conf_reader2[&apos;test_data&apos;][&apos;qalab_FeatureLayerManager_cls&apos;]
        #endregion
    
        #region precondition checks and sign in
        r1 = PreconditionChecks.can_ping_portal(cls.portal_url)
        if not r1:
            cls.class_skip = True
    
&gt;       cls.gis = GIS(cls.portal_url, cls.portal_username, cls.portal_password, verify_cert=False)

features/test_AttachmentManager_class.py:82: 
_ _ _ _ _ _ _ _ _ _ _ _ _ _ _ _ _ _ _ _ _ _ _ _ _ _ _ _ _ _ _ _ _ _ _ _ _ _ _ _ _ _ _ _ _ _ _ _ _ _ _ _ 
../../src/arcgis/gis/__init__.py:334: in __init__
    raise e
../../src/arcgis/gis/__init__.py:322: in __init__
    referer=self._referer)
../../src/arcgis/_impl/portalpy.py:163: in __init__
    client_id=client_id)
../../src/arcgis/_impl/connection.py:308: in __init__
    self.login(username, password, expiration, client_id)
../../src/arcgis/_impl/connection.py:554: in login
    resp = self.post(&apos;&apos;, { &apos;f&apos;: &apos;json&apos; }, add_token=False) # probe portal to find auth scheme
../../src/arcgis/_impl/connection.py:1177: in post
    self._handle_json_error(resp_json[&apos;error&apos;], errorcode)
_ _ _ _ _ _ _ _ _ _ _ _ _ _ _ _ _ _ _ _ _ _ _ _ _ _ _ _ _ _ _ _ _ _ _ _ _ _ _ _ _ _ _ _ _ _ _ _ _ _ _ _ 

self = &lt;arcgis._impl.connection._ArcGISConnection object at 0x1152ddcc0&gt;
error = {&apos;code&apos;: 503, &apos;details&apos;: [], &apos;message&apos;: &apos;The Portal for ArcGIS licenses may be expired. Check the license and try again.&apos;, &apos;messageCode&apos;: &apos;GWM_0006&apos;}
errorcode = 503

    def _handle_json_error(self, error, errorcode):
        errormessage = error.get(&apos;message&apos;, &apos;Unknown Error&apos;)
        _log.error(errormessage)
        if &apos;details&apos; in error and error[&apos;details&apos;] is not None:
            for errordetail in error[&apos;details&apos;]:
                errormessage = errormessage + &quot;\n&quot; + errordetail
                _log.error(errordetail)
    
        errormessage = errormessage + &quot;\n(Error Code: &quot; + str(errorcode) +&quot;)&quot;
&gt;       raise RuntimeError(errormessage)
E       RuntimeError: The Portal for ArcGIS licenses may be expired. Check the license and try again.
E       (Error Code: 503)

../../src/arcgis/_impl/connection.py:1198: RuntimeError</error></testcase><testcase classname="features.test_AttachmentManager_class.Test_AttachmentManager_portal" file="features/test_AttachmentManager_class.py" line="145" name="test_download_png_attachment" time="0.0005700588226318359"><error message="test setup failure">cls = &lt;class &apos;integration.features.test_AttachmentManager_class.Test_AttachmentManager_portal&apos;&gt;

    @classmethod
    def setUpClass(cls):
        &quot;&quot;&quot;
        Check if portal builtin can be reached
        Get class test asset location
        :return:
        &quot;&quot;&quot;
    
        #region Read config data
        _conf_reader = ConfigParser()
        _conf_reader.read(DinoConfigs.portal_list_file, &apos;UTF-8&apos;)
    
        cls.portal_url = _conf_reader[&apos;teamportal&apos;][&apos;url&apos;]
        cls.portal_username = _conf_reader[&apos;teamportal&apos;][&apos;admin_user&apos;]
        cls.portal_password = _conf_reader[&apos;teamportal&apos;][&apos;admin_password&apos;]
    
        _conf_reader2 = ConfigParser()
        _conf_reader2.read(DinoConfigs.root_init_file, &apos;UTF-8&apos;)
    
        cls.qalab_base_path = _conf_reader2[&apos;test_data&apos;][&apos;qalab_base_path&apos;]
        cls.qalab_cls_path = cls.qalab_base_path + _conf_reader2[&apos;test_data&apos;][&apos;qalab_FeatureLayerManager_cls&apos;]
        #endregion
    
        #region precondition checks and sign in
        r1 = PreconditionChecks.can_ping_portal(cls.portal_url)
        if not r1:
            cls.class_skip = True
    
&gt;       cls.gis = GIS(cls.portal_url, cls.portal_username, cls.portal_password, verify_cert=False)

features/test_AttachmentManager_class.py:82: 
_ _ _ _ _ _ _ _ _ _ _ _ _ _ _ _ _ _ _ _ _ _ _ _ _ _ _ _ _ _ _ _ _ _ _ _ _ _ _ _ _ _ _ _ _ _ _ _ _ _ _ _ 
../../src/arcgis/gis/__init__.py:334: in __init__
    raise e
../../src/arcgis/gis/__init__.py:322: in __init__
    referer=self._referer)
../../src/arcgis/_impl/portalpy.py:163: in __init__
    client_id=client_id)
../../src/arcgis/_impl/connection.py:308: in __init__
    self.login(username, password, expiration, client_id)
../../src/arcgis/_impl/connection.py:554: in login
    resp = self.post(&apos;&apos;, { &apos;f&apos;: &apos;json&apos; }, add_token=False) # probe portal to find auth scheme
../../src/arcgis/_impl/connection.py:1177: in post
    self._handle_json_error(resp_json[&apos;error&apos;], errorcode)
_ _ _ _ _ _ _ _ _ _ _ _ _ _ _ _ _ _ _ _ _ _ _ _ _ _ _ _ _ _ _ _ _ _ _ _ _ _ _ _ _ _ _ _ _ _ _ _ _ _ _ _ 

self = &lt;arcgis._impl.connection._ArcGISConnection object at 0x1152ddcc0&gt;
error = {&apos;code&apos;: 503, &apos;details&apos;: [], &apos;message&apos;: &apos;The Portal for ArcGIS licenses may be expired. Check the license and try again.&apos;, &apos;messageCode&apos;: &apos;GWM_0006&apos;}
errorcode = 503

    def _handle_json_error(self, error, errorcode):
        errormessage = error.get(&apos;message&apos;, &apos;Unknown Error&apos;)
        _log.error(errormessage)
        if &apos;details&apos; in error and error[&apos;details&apos;] is not None:
            for errordetail in error[&apos;details&apos;]:
                errormessage = errormessage + &quot;\n&quot; + errordetail
                _log.error(errordetail)
    
        errormessage = errormessage + &quot;\n(Error Code: &quot; + str(errorcode) +&quot;)&quot;
&gt;       raise RuntimeError(errormessage)
E       RuntimeError: The Portal for ArcGIS licenses may be expired. Check the license and try again.
E       (Error Code: 503)

../../src/arcgis/_impl/connection.py:1198: RuntimeError</error></testcase><testcase classname="features.test_AttachmentManager_class.Test_AttachmentManager_online" file="features/test_AttachmentManager_class.py" line="300" name="test_create_AttachmentManager_object" time="1.1890158653259277"><error message="test setup failure">cls = &lt;class &apos;integration.features.test_AttachmentManager_class.Test_AttachmentManager_online&apos;&gt;

    @classmethod
    def setUpClass(cls):
        &quot;&quot;&quot;
        Check if portal builtin can be reached
        Get class test asset location
        :return:
        &quot;&quot;&quot;
    
        # region Read config data
        _conf_reader = ConfigParser()
        _conf_reader.read(DinoConfigs.portal_list_file, &apos;UTF-8&apos;)
    
        cls.portal_url = _conf_reader[&apos;arcgiscom&apos;][&apos;url&apos;]
        cls.portal_username = _conf_reader[&apos;arcgiscom&apos;][&apos;admin_user&apos;]
        cls.portal_password = _conf_reader[&apos;arcgiscom&apos;][&apos;admin_password&apos;]
    
        _conf_reader2 = ConfigParser()
        _conf_reader2.read(DinoConfigs.root_init_file, &apos;UTF-8&apos;)
    
        cls.qalab_base_path = _conf_reader2[&apos;test_data&apos;][&apos;qalab_base_path&apos;]
        cls.qalab_cls_path = cls.qalab_base_path + _conf_reader2[&apos;test_data&apos;][&apos;qalab_FeatureLayerManager_cls&apos;]
        # endregion
    
        # region precondition checks and sign in
        r1 = PreconditionChecks.can_ping_portal(cls.portal_url)
        if not r1:
            cls.class_skip = True
    
&gt;       cls.gis = GIS(cls.portal_url, cls.portal_username, cls.portal_password, verify_cert=False)

features/test_AttachmentManager_class.py:274: 
_ _ _ _ _ _ _ _ _ _ _ _ _ _ _ _ _ _ _ _ _ _ _ _ _ _ _ _ _ _ _ _ _ _ _ _ _ _ _ _ _ _ _ _ _ _ _ _ _ _ _ _ 
../../src/arcgis/gis/__init__.py:334: in __init__
    raise e
../../src/arcgis/gis/__init__.py:322: in __init__
    referer=self._referer)
../../src/arcgis/_impl/portalpy.py:163: in __init__
    client_id=client_id)
../../src/arcgis/_impl/connection.py:308: in __init__
    self.login(username, password, expiration, client_id)
../../src/arcgis/_impl/connection.py:559: in login
    newtoken = self.generate_token(username, password, expiration, client_id)
../../src/arcgis/_impl/connection.py:424: in generate_token
    ssl=True, add_token=False)
../../src/arcgis/_impl/connection.py:1177: in post
    self._handle_json_error(resp_json[&apos;error&apos;], errorcode)
_ _ _ _ _ _ _ _ _ _ _ _ _ _ _ _ _ _ _ _ _ _ _ _ _ _ _ _ _ _ _ _ _ _ _ _ _ _ _ _ _ _ _ _ _ _ _ _ _ _ _ _ 

self = &lt;arcgis._impl.connection._ArcGISConnection object at 0x11504d240&gt;
error = {&apos;code&apos;: 400, &apos;details&apos;: [&apos;Too many invalid logins. Please try again later.&apos;], &apos;message&apos;: &apos;Unable to generate token.&apos;}
errorcode = 400

    def _handle_json_error(self, error, errorcode):
        errormessage = error.get(&apos;message&apos;, &apos;Unknown Error&apos;)
        _log.error(errormessage)
        if &apos;details&apos; in error and error[&apos;details&apos;] is not None:
            for errordetail in error[&apos;details&apos;]:
                errormessage = errormessage + &quot;\n&quot; + errordetail
                _log.error(errordetail)
    
        errormessage = errormessage + &quot;\n(Error Code: &quot; + str(errorcode) +&quot;)&quot;
&gt;       raise RuntimeError(errormessage)
E       RuntimeError: Unable to generate token.
E       Too many invalid logins. Please try again later.
E       (Error Code: 400)

../../src/arcgis/_impl/connection.py:1198: RuntimeError</error></testcase><testcase classname="features.test_AttachmentManager_class.Test_AttachmentManager_online" file="features/test_AttachmentManager_class.py" line="399" name="test_download_multiple_attachments" time="0.0007352828979492188"><error message="test setup failure">cls = &lt;class &apos;integration.features.test_AttachmentManager_class.Test_AttachmentManager_online&apos;&gt;

    @classmethod
    def setUpClass(cls):
        &quot;&quot;&quot;
        Check if portal builtin can be reached
        Get class test asset location
        :return:
        &quot;&quot;&quot;
    
        # region Read config data
        _conf_reader = ConfigParser()
        _conf_reader.read(DinoConfigs.portal_list_file, &apos;UTF-8&apos;)
    
        cls.portal_url = _conf_reader[&apos;arcgiscom&apos;][&apos;url&apos;]
[...]
        _conf_reader.read(DinoConfigs.portal_list_file, &apos;UTF-8&apos;)
    
        cls.portal_url = _conf_reader[&apos;teamportal&apos;][&apos;url&apos;]
        cls.portal_username = _conf_reader[&apos;teamportal&apos;][&apos;admin_user&apos;]
        cls.portal_password = _conf_reader[&apos;teamportal&apos;][&apos;admin_password&apos;]
    
        # _conf_reader2 = ConfigParser()
        # _conf_reader2.read(DinoConfigs.root_init_file, &apos;UTF-8&apos;)
        #
        # cls.qalab_base_path = _conf_reader2[&apos;test_data&apos;][&apos;qalab_base_path&apos;]
        # cls.qalab_cls_path = cls.qalab_base_path + _conf_reader2[&apos;test_data&apos;][&apos;qalab_UserManager_cls&apos;]
        # #endregion
    
        #region precondition checks and sign in
        r1 = PreconditionChecks.can_ping_portal(cls.portal_url)
        if not r1:
            cls.class_skip = True
    
&gt;       cls.gis = GIS(cls.portal_url, cls.portal_username, cls.portal_password)

network/test_network_analysis_class.py:83: 
_ _ _ _ _ _ _ _ _ _ _ _ _ _ _ _ _ _ _ _ _ _ _ _ _ _ _ _ _ _ _ _ _ _ _ _ _ _ _ _ _ _ _ _ _ _ _ _ _ _ _ _ 
../../src/arcgis/gis/__init__.py:334: in __init__
    raise e
../../src/arcgis/gis/__init__.py:322: in __init__
    referer=self._referer)
../../src/arcgis/_impl/portalpy.py:163: in __init__
    client_id=client_id)
../../src/arcgis/_impl/connection.py:308: in __init__
    self.login(username, password, expiration, client_id)
../../src/arcgis/_impl/connection.py:554: in login
    resp = self.post(&apos;&apos;, { &apos;f&apos;: &apos;json&apos; }, add_token=False) # probe portal to find auth scheme
../../src/arcgis/_impl/connection.py:1177: in post
    self._handle_json_error(resp_json[&apos;error&apos;], errorcode)
_ _ _ _ _ _ _ _ _ _ _ _ _ _ _ _ _ _ _ _ _ _ _ _ _ _ _ _ _ _ _ _ _ _ _ _ _ _ _ _ _ _ _ _ _ _ _ _ _ _ _ _ 

self = &lt;arcgis._impl.connection._ArcGISConnection object at 0x119c74588&gt;
error = {&apos;code&apos;: 503, &apos;details&apos;: [], &apos;message&apos;: &apos;The Portal for ArcGIS licenses may be expired. Check the license and try again.&apos;, &apos;messageCode&apos;: &apos;GWM_0006&apos;}
errorcode = 503

    def _handle_json_error(self, error, errorcode):
        errormessage = error.get(&apos;message&apos;, &apos;Unknown Error&apos;)
        _log.error(errormessage)
        if &apos;details&apos; in error and error[&apos;details&apos;] is not None:
            for errordetail in error[&apos;details&apos;]:
                errormessage = errormessage + &quot;\n&quot; + errordetail
                _log.error(errordetail)
    
        errormessage = errormessage + &quot;\n(Error Code: &quot; + str(errorcode) +&quot;)&quot;
&gt;       raise RuntimeError(errormessage)
E       RuntimeError: The Portal for ArcGIS licenses may be expired. Check the license and try again.
E       (Error Code: 503)

../../src/arcgis/_impl/connection.py:1198: RuntimeError</error></testcase><testcase classname="network.test_network_analysis_class.Test_NetworkAnalysisModule" file="network/test_network_analysis_class.py" line="147" name="test_generateServiceAreas_method" time="0.0007259845733642578"><error message="test setup failure">cls = &lt;class &apos;integration.network.test_network_analysis_class.Test_NetworkAnalysisModule&apos;&gt;

    @classmethod
    def setUpClass(cls):
        &quot;&quot;&quot;
        Check if portal builtin can be reached
        Get class test asset location
        :return:
        &quot;&quot;&quot;
    
        #region Read config data
        _conf_reader = ConfigParser()
        _conf_reader.read(DinoConfigs.portal_list_file, &apos;UTF-8&apos;)
    
        cls.portal_url = _conf_reader[&apos;teamportal&apos;][&apos;url&apos;]
        cls.portal_username = _conf_reader[&apos;teamportal&apos;][&apos;admin_user&apos;]
        cls.portal_password = _conf_reader[&apos;teamportal&apos;][&apos;admin_password&apos;]
    
        # _conf_reader2 = ConfigParser()
        # _conf_reader2.read(DinoConfigs.root_init_file, &apos;UTF-8&apos;)
        #
        # cls.qalab_base_path = _conf_reader2[&apos;test_data&apos;][&apos;qalab_base_path&apos;]
        # cls.qalab_cls_path = cls.qalab_base_path + _conf_reader2[&apos;test_data&apos;][&apos;qalab_UserManager_cls&apos;]
        # #endregion
    
        #region precondition checks and sign in
        r1 = PreconditionChecks.can_ping_portal(cls.portal_url)
        if not r1:
            cls.class_skip = True
    
&gt;       cls.gis = GIS(cls.portal_url, cls.portal_username, cls.portal_password)

network/test_network_analysis_class.py:83: 
_ _ _ _ _ _ _ _ _ _ _ _ _ _ _ _ _ _ _ _ _ _ _ _ _ _ _ _ _ _ _ _ _ _ _ _ _ _ _ _ _ _ _ _ _ _ _ _ _ _ _ _ 
../../src/arcgis/gis/__init__.py:334: in __init__
    raise e
../../src/arcgis/gis/__init__.py:322: in __init__
    referer=self._referer)
../../src/arcgis/_impl/portalpy.py:163: in __init__
    client_id=client_id)
../../src/arcgis/_impl/connection.py:308: in __init__
    self.login(username, password, expiration, client_id)
../../src/arcgis/_impl/connection.py:554: in login
    resp = self.post(&apos;&apos;, { &apos;f&apos;: &apos;json&apos; }, add_token=False) # probe portal to find auth scheme
../../src/arcgis/_impl/connection.py:1177: in post
    self._handle_json_error(resp_json[&apos;error&apos;], errorcode)
_ _ _ _ _ _ _ _ _ _ _ _ _ _ _ _ _ _ _ _ _ _ _ _ _ _ _ _ _ _ _ _ _ _ _ _ _ _ _ _ _ _ _ _ _ _ _ _ _ _ _ _ 

self = &lt;arcgis._impl.connection._ArcGISConnection object at 0x119c74588&gt;
error = {&apos;code&apos;: 503, &apos;details&apos;: [], &apos;message&apos;: &apos;The Portal for ArcGIS licenses may be expired. Check the license and try again.&apos;, &apos;messageCode&apos;: &apos;GWM_0006&apos;}
errorcode = 503

    def _handle_json_error(self, error, errorcode):
        errormessage = error.get(&apos;message&apos;, &apos;Unknown Error&apos;)
        _log.error(errormessage)
        if &apos;details&apos; in error and error[&apos;details&apos;] is not None:
            for errordetail in error[&apos;details&apos;]:
                errormessage = errormessage + &quot;\n&quot; + errordetail
                _log.error(errordetail)
    
        errormessage = errormessage + &quot;\n(Error Code: &quot; + str(errorcode) +&quot;)&quot;
&gt;       raise RuntimeError(errormessage)
E       RuntimeError: The Portal for ArcGIS licenses may be expired. Check the license and try again.
E       (Error Code: 503)

../../src/arcgis/_impl/connection.py:1198: RuntimeError</error></testcase><testcase classname="raster.test_ImageryLayer_class.Test_ImageryLayer_portal" file="raster/test_ImageryLayer_class.py" line="146" name="test_has_histograms" time="0.36779284477233887"><error message="test setup failure">cls = &lt;class &apos;integration.raster.test_ImageryLayer_class.Test_ImageryLayer_portal&apos;&gt;

    @classmethod
    def setUpClass(cls):
        &quot;&quot;&quot;
        Check if portal builtin can be reached
        Get class test asset location
        :return:
        &quot;&quot;&quot;
    
        #region Read config data
        _conf_reader = ConfigParser()
        _conf_reader.read(DinoConfigs.portal_list_file, &apos;UTF-8&apos;)
    
        cls.portal_url = _conf_reader[&apos;teamportal&apos;][&apos;url&apos;]
        cls.portal_username = _conf_reader[&apos;teamportal&apos;][&apos;publisher1&apos;]
        cls.portal_password = _conf_reader[&apos;teamportal&apos;][&apos;publisher1_password&apos;]
    
        _conf_reader2 = ConfigParser()
        _conf_reader2.read(DinoConfigs.root_init_file, &apos;UTF-8&apos;)
    
        cls.qalab_base_path = _conf_reader2[&apos;test_data&apos;][&apos;qalab_base_path&apos;]
        cls.qalab_data_path = cls.qalab_base_path + _conf_reader2[&apos;test_data&apos;][&apos;qalab_dataprep&apos;]
        cls.qalab_cls_path = cls.qalab_base_path + _conf_reader2[&apos;test_data&apos;][&apos;qalab_ImageryLayer_cls&apos;]
        cls.qalab_output_root = cls.qalab_base_path + _conf_reader2[&apos;test_data&apos;][&apos;qalab_output_root&apos;]
        cls.qalab_cls_name = _conf_reader2[&apos;test_data&apos;][&apos;qalab_ImageryLayer_cls&apos;]
        #endregion
    
        #region precondition checks and sign in
        r1 = PreconditionChecks.can_ping_portal(cls.portal_url)
        if not r1:
            cls.class_skip = True
    
&gt;       cls.gis = GIS(cls.portal_url, cls.portal_username, cls.portal_password, verify_cert=False)

raster/test_ImageryLayer_class.py:86: 
_ _ _ _ _ _ _ _ _ _ _ _ _ _ _ _ _ _ _ _ _ _ _ _ _ _ _ _ _ _ _ _ _ _ _ _ _ _ _ _ _ _ _ _ _ _ _ _ _ _ _ _ 
../../src/arcgis/gis/__init__.py:334: in __init__
    raise e
../../src/arcgis/gis/__init__.py:322: in __init__
    referer=self._referer)
../../src/arcgis/_impl/portalpy.py:163: in __init__
    client_id=client_id)
../../src/arcgis/_impl/connection.py:308: in __init__
    self.login(username, password, expiration, client_id)
../../src/arcgis/_impl/connection.py:554: in login
    resp = self.post(&apos;&apos;, { &apos;f&apos;: &apos;json&apos; }, add_token=False) # probe portal to find auth scheme
../../src/arcgis/_impl/connection.py:1177: in post
    self._handle_json_error(resp_json[&apos;error&apos;], errorcode)
_ _ _ _ _ _ _ _ _ _ _ _ _ _ _ _ _ _ _ _ _ _ _ _ _ _ _ _ _ _ _ _ _ _ _ _ _ _ _ _ _ _ _ _ _ _ _ _ _ _ _ _ 

self = &lt;arcgis._impl.connection._ArcGISConnection object at 0x1198eeda0&gt;
error = {&apos;code&apos;: 503, &apos;details&apos;: [], &apos;message&apos;: &apos;The Portal for ArcGIS licenses may be expired. Check the license and try again.&apos;, &apos;messageCode&apos;: &apos;GWM_0006&apos;}
errorcode = 503

    def _handle_json_error(self, error, errorcode):
        errormessage = error.get(&apos;message&apos;, &apos;Unknown Error&apos;)
        _log.error(errormessage)
        if &apos;details&apos; in error and error[&apos;details&apos;] is not None:
            for errordetail in error[&apos;details&apos;]:
                errormessage = errormessage + &quot;\n&quot; + errordetail
                _log.error(errordetail)
    
        errormessage = errormessage + &quot;\n(Error Code: &quot; + str(errorcode) +&quot;)&quot;
&gt;       raise RuntimeError(errormessage)
E       RuntimeError: The Portal for ArcGIS licenses may be expired. Check the license and try again.
E       (Error Code: 503)

../../src/arcgis/_impl/connection.py:1198: RuntimeError</error><system-out>ArcPy on system:  False
Is Pro installed:  False
Host OS: darwin
</system-out></testcase><testcase classname="raster.test_ImageryLayer_class.Test_ImageryLayer_portal" file="raster/test_ImageryLayer_class.py" line="169" name="test_histograms" time="0.0006930828094482422"><error message="test setup failure">cls = &lt;class &apos;integration.raster.test_ImageryLayer_class.Test_ImageryLayer_portal&apos;&gt;

    @classmethod
    def setUpClass(cls):
        &quot;&quot;&quot;
        Check if portal builtin can be reached
        Get class test asset location
        :return:
        &quot;&quot;&quot;
    
        #region Read config data
        _conf_reader = ConfigParser()
        _conf_reader.read(DinoConfigs.portal_list_file, &apos;UTF-8&apos;)
    
        cls.portal_url = _conf_reader[&apos;teamportal&apos;][&apos;url&apos;]
        cls.portal_username = _conf_reader[&apos;teamportal&apos;][&apos;publisher1&apos;]
        cls.portal_password = _conf_reader[&apos;teamportal&apos;][&apos;publisher1_password&apos;]
    
        _conf_reader2 = ConfigParser()
        _conf_reader2.read(DinoConfigs.root_init_file, &apos;UTF-8&apos;)
    
        cls.qalab_base_path = _conf_reader2[&apos;test_data&apos;][&apos;qalab_base_path&apos;]
        cls.qalab_data_path = cls.qalab_base_path + _conf_reader2[&apos;test_data&apos;][&apos;qalab_dataprep&apos;]
        cls.qalab_cls_path = cls.qalab_base_path + _conf_reader2[&apos;test_data&apos;][&apos;qalab_ImageryLayer_cls&apos;]
        cls.qalab_output_root = cls.qalab_base_path + _conf_reader2[&apos;test_data&apos;][&apos;qalab_output_root&apos;]
        cls.qalab_cls_name = _conf_reader2[&apos;test_data&apos;][&apos;qalab_ImageryLayer_cls&apos;]
        #endregion
    
        #region precondition checks and sign in
        r1 = PreconditionChecks.can_ping_portal(cls.portal_url)
        if not r1:
            cls.class_skip = True
    
&gt;       cls.gis = GIS(cls.portal_url, cls.portal_username, cls.portal_password, verify_cert=False)

raster/test_ImageryLayer_class.py:86: 
_ _ _ _ _ _ _ _ _ _ _ _ _ _ _ _ _ _ _ _ _ _ _ _ _ _ _ _ _ _ _ _ _ _ _ _ _ _ _ _ _ _ _ _ _ _ _ _ _ _ _ _ 
../../src/arcgis/gis/__init__.py:334: in __init__
    raise e
../../src/arcgis/gis/__init__.py:322: in __init__
    referer=self._referer)
../../src/arcgis/_impl/portalpy.py:163: in __init__
    client_id=client_id)
../../src/arcgis/_impl/connection.py:308: in __init__
    self.login(username, password, expiration, client_id)
../../src/arcgis/_impl/connection.py:554: in login
    resp = self.post(&apos;&apos;, { &apos;f&apos;: &apos;json&apos; }, add_token=False) # probe portal to find auth scheme
../../src/arcgis/_impl/connection.py:1177: in post
    self._handle_json_error(resp_json[&apos;error&apos;], errorcode)
_ _ _ _ _ _ _ _ _ _ _ _ _ _ _ _ _ _ _ _ _ _ _ _ _ _ _ _ _ _ _ _ _ _ _ _ _ _ _ _ _ _ _ _ _ _ _ _ _ _ _ _ 

self = &lt;arcgis._impl.connection._ArcGISConnection object at 0x1198eeda0&gt;
error = {&apos;code&apos;: 503, &apos;details&apos;: [], &apos;message&apos;: &apos;The Portal for ArcGIS licenses may be expired. Check the license and try again.&apos;, &apos;messageCode&apos;: &apos;GWM_0006&apos;}
errorcode = 503

    def _handle_json_error(self, error, errorcode):
        errormessage = error.get(&apos;message&apos;, &apos;Unknown Error&apos;)
        _log.error(errormessage)
        if &apos;details&apos; in error and error[&apos;details&apos;] is not None:
            for errordetail in error[&apos;details&apos;]:
                errormessage = errormessage + &quot;\n&quot; + errordetail
                _log.error(errordetail)
    
        errormessage = errormessage + &quot;\n(Error Code: &quot; + str(errorcode) +&quot;)&quot;
&gt;       raise RuntimeError(errormessage)
E       RuntimeError: The Portal for ArcGIS licenses may be expired. Check the license and try again.
E       (Error Code: 503)

../../src/arcgis/_impl/connection.py:1198: RuntimeError</error></testcase><testcase classname="raster.test_ImageryLayer_class.Test_ImageryLayer_portal" file="raster/test_ImageryLayer_class.py" line="125" name="test_raster_mod_classes" time="0.000759124755859375"><error message="test setup failure">cls = &lt;class &apos;integration.raster.test_ImageryLayer_class.Test_ImageryLayer_portal&apos;&gt;

    @classmethod
    def setUpClass(cls):
        &quot;&quot;&quot;
        Check if portal builtin can be reached
        Get class test asset location
        :return:
        &quot;&quot;&quot;
    
        #region Read config data
        _conf_reader = ConfigParser()
        _conf_reader.read(DinoConfigs.portal_list_file, &apos;UTF-8&apos;)
    
        cls.portal_url = _conf_reader[&apos;teamportal&apos;][&apos;url&apos;]
        cls.portal_username = _conf_reader[&apos;teamportal&apos;][&apos;publisher1&apos;]
        cls.portal_password = _conf_reader[&apos;teamportal&apos;][&apos;publisher1_password&apos;]
    
        _conf_reader2 = ConfigParser()
        _conf_reader2.read(DinoConfigs.root_init_file, &apos;UTF-8&apos;)
    
        cls.qalab_base_path = _conf_reader2[&apos;test_data&apos;][&apos;qalab_base_path&apos;]
        cls.qalab_data_path = cls.qalab_base_path + _conf_reader2[&apos;test_data&apos;][&apos;qalab_dataprep&apos;]
        cls.qalab_cls_path = cls.qalab_base_path + _conf_reader2[&apos;test_data&apos;][&apos;qalab_ImageryLayer_cls&apos;]
        cls.qalab_output_root = cls.qalab_base_path + _conf_reader2[&apos;test_data&apos;][&apos;qalab_output_root&apos;]
        cls.qalab_cls_name = _conf_reader2[&apos;test_data&apos;][&apos;qalab_ImageryLayer_cls&apos;]
        #endregion
    
        #region precondition checks and sign in
        r1 = PreconditionChecks.can_ping_portal(cls.portal_url)
        if not r1:
            cls.class_skip = True
    
&gt;       cls.gis = GIS(cls.portal_url, cls.portal_username, cls.portal_password, verify_cert=False)

raster/test_ImageryLayer_class.py:86: 
_ _ _ _ _ _ _ _ _ _ _ _ _ _ _ _ _ _ _ _ _ _ _ _ _ _ _ _ _ _ _ _ _ _ _ _ _ _ _ _ _ _ _ _ _ _ _ _ _ _ _ _ 
../../src/arcgis/gis/__init__.py:334: in __init__
    raise e
../../src/arcgis/gis/__init__.py:322: in __init__
    referer=self._referer)
../../src/arcgis/_impl/portalpy.py:163: in __init__
    client_id=client_id)
../../src/arcgis/_impl/connection.py:308: in __init__
    self.login(username, password, expiration, client_id)
../../src/arcgis/_impl/connection.py:554: in login
    resp = self.post(&apos;&apos;, { &apos;f&apos;: &apos;json&apos; }, add_token=False) # probe portal to find auth scheme
../../src/arcgis/_impl/connection.py:1177: in post
    self._handle_json_error(resp_json[&apos;error&apos;], errorcode)
_ _ _ _ _ _ _ _ _ _ _ _ _ _ _ _ _ _ _ _ _ _ _ _ _ _ _ _ _ _ _ _ _ _ _ _ _ _ _ _ _ _ _ _ _ _ _ _ _ _ _ _ 

self = &lt;arcgis._impl.connection._ArcGISConnection object at 0x1198eeda0&gt;
error = {&apos;code&apos;: 503, &apos;details&apos;: [], &apos;message&apos;: &apos;The Portal for ArcGIS licenses may be expired. Check the license and try again.&apos;, &apos;messageCode&apos;: &apos;GWM_0006&apos;}
errorcode = 503

    def _handle_json_error(self, error, errorcode):
        errormessage = error.get(&apos;message&apos;, &apos;Unknown Error&apos;)
        _log.error(errormessage)
        if &apos;details&apos; in error and error[&apos;details&apos;] is not None:
            for errordetail in error[&apos;details&apos;]:
                errormessage = errormessage + &quot;\n&quot; + errordetail
                _log.error(errordetail)
    
        errormessage = errormessage + &quot;\n(Error Code: &quot; + str(errorcode) +&quot;)&quot;
&gt;       raise RuntimeError(errormessage)
E       RuntimeError: The Portal for ArcGIS licenses may be expired. Check the license and try again.
E       (Error Code: 503)

../../src/arcgis/_impl/connection.py:1198: RuntimeError</error><system-out>**End GIS module Tests**
</system-out></testcase><testcase classname="server_tests.service_factory_test.ServiceFactoryTest" file="server_tests/service_factory_test.py" line="63" name="test_NA" time="1.5240070819854736"></testcase><testcase classname="server_tests.service_factory_test.ServiceFactoryTest" file="server_tests/service_factory_test.py" line="43" name="test_fl" time="0.3141148090362549"></testcase><testcase classname="server_tests.service_factory_test.ServiceFactoryTest" file="server_tests/service_factory_test.py" line="39" name="test_fs" time="0.5992000102996826"></testcase><testcase classname="server_tests.service_factory_test.ServiceFactoryTest" file="server_tests/service_factory_test.py" line="51" name="test_geocoder" time="0.629615068435669"></testcase><testcase classname="server_tests.service_factory_test.ServiceFactoryTest" file="server_tests/service_factory_test.py" line="55" name="test_geometry" time="0.6030440330505371"></testcase><testcase classname="server_tests.service_factory_test.ServiceFactoryTest" file="server_tests/service_factory_test.py" line="35" name="test_gp" time="0.905580997467041"></testcase><testcase classname="server_tests.service_factory_test.ServiceFactoryTest" file="server_tests/service_factory_test.py" line="59" name="test_imageservice" time="0.3066368103027344"></testcase><testcase classname="server_tests.service_factory_test.ServiceFactoryTest" file="server_tests/service_factory_test.py" line="47" name="test_mapservice" time="0.6145808696746826"></testcase><testcase classname="server_tests.service_factory_test.ServiceFactoryTest" file="server_tests/service_factory_test.py" line="31" name="test_mobile" time="0.3224778175354004"></testcase></testsuite>